UL2CM3.DLL - ULINK2/ME Driver Log

22:18:57:903 (19/03/2018) - START SEQUENCE "InitTarget", "default" - ID 0
22:18:57:903 (19/03/2018) - START SEQUENCE "InitInternals", "default" - ID 1
22:18:57:903 (19/03/2018) - START SEQUENCE "InitDriver", "default" - ID 2
22:18:57:903 (19/03/2018) - END SEQUENCE "InitDriver", "success" - ID 3
22:18:57:903 (19/03/2018) - START SEQUENCE "InitDebugger", "default" - ID 4
22:18:58:139 (19/03/2018) - END SEQUENCE "InitDebugger", "success" - ID 5
22:18:58:139 (19/03/2018) - END SEQUENCE "InitInternals", "success" - ID 6
22:18:58:149 (19/03/2018) - START SEQUENCE "DebugPortSetup", "default" - ID 7
22:18:58:169 (19/03/2018) - END SEQUENCE "DebugPortSetup", "success" - ID 8
22:18:58:169 (19/03/2018) - START SEQUENCE "DebugGetDeviceList", "default" - ID 9
22:18:58:189 (19/03/2018) - END SEQUENCE "DebugGetDeviceList", "success" - ID 10
22:18:58:189 (19/03/2018) - START SEQUENCE "PDSCDebug_DebugGetDeviceNames", "default" - ID 11
22:18:58:189 (19/03/2018) - END SEQUENCE "PDSCDebug_DebugGetDeviceNames", "success" - ID 12
  22:18:58:189 (19/03/2018) - START SEQUENCE "DebugPortStart", "default" - ID 13
  22:18:58:199 (19/03/2018) - END SEQUENCE "DebugPortStart", "success" - ID 14
22:18:58:203 (19/03/2018) - START SEQUENCE "DebugDeviceUnlock", "calling sequence" - ID 15
22:18:58:207 (19/03/2018) - READ  AP  Access, AP 0, Addr 0x000000F8, Val 0xE00FF003, "SWD Read AP - Success" - ID 0
22:18:58:213 (19/03/2018) - READ  MEM BLOCK Access, AP 0, Start Addr 0xE00FFFE4, End Addr 0xE00FFFE7, "SWD Read Memory Block (32-bit accesses) - Success" - ID 1
  Item #0, AP 0, Addr 0xE00FFFE4, Value 0x00000004
22:18:58:217 (19/03/2018) - READ  MEM BLOCK Access, AP 0, Start Addr 0xE00FFFE8, End Addr 0xE00FFFEB, "SWD Read Memory Block (32-bit accesses) - Success" - ID 2
  Item #0, AP 0, Addr 0xE00FFFE8, Value 0x0000000A
22:18:58:217 (19/03/2018) - START SEQUENCE "DebugReadTargetFeatures", "default" - ID 16
22:18:58:217 (19/03/2018) - START SEQUENCE "_EvalDPID", "default" - ID 17
22:18:58:217 (19/03/2018) - END SEQUENCE "_EvalDPID", "success" - ID 18
22:18:58:219 (19/03/2018) - WRITE DP  Access, Addr 0x00000008, Val 0x00000000, "SWD Write DP - Success" - ID 3
22:18:58:229 (19/03/2018) - WRITE AP  Access, AP 0, Addr 0x00000000, Val 0x23000052, "SWD Write AP - Success" - ID 4
22:18:58:229 (19/03/2018) - START SEQUENCE "DebugReadRomTable", "default" - ID 19
22:18:58:233 (19/03/2018) - READ  AP  Access, AP 0, Addr 0x000000F8, Val 0xE00FF003, "SWD Read AP - Success" - ID 5
22:18:58:237 (19/03/2018) - READ  MEM BLOCK Access, AP 0, Start Addr 0xE00FFFF0, End Addr 0xE00FFFFF, "SWD Read Memory Block - Success" - ID 6
  Item #0, AP 0, Addr 0xE00FFFF0, Value 0x0000000D
  Item #1, AP 0, Addr 0xE00FFFF4, Value 0x00000010
  Item #2, AP 0, Addr 0xE00FFFF8, Value 0x00000005
  Item #3, AP 0, Addr 0xE00FFFFC, Value 0x000000B1
22:18:58:239 (19/03/2018) - READ  MEM BLOCK Access, AP 0, Start Addr 0xE00FFFD0, End Addr 0xE00FFFEF, "SWD Read Memory Block - Success" - ID 7
  Item #0, AP 0, Addr 0xE00FFFD0, Value 0x00000000
  Item #1, AP 0, Addr 0xE00FFFD4, Value 0x00000000
  Item #2, AP 0, Addr 0xE00FFFD8, Value 0x00000000
  Item #3, AP 0, Addr 0xE00FFFDC, Value 0x00000000
  Item #4, AP 0, Addr 0xE00FFFE0, Value 0x00000011
  Item #5, AP 0, Addr 0xE00FFFE4, Value 0x00000004
  Item #6, AP 0, Addr 0xE00FFFE8, Value 0x0000000A
  Item #7, AP 0, Addr 0xE00FFFEC, Value 0x00000000
22:18:58:239 (19/03/2018) - ROM TABLE: Detected Unknown ROM Table at address 0xE00FF000 (PID 0x00000000000A0411, CID 0xB105100D)
22:18:58:240 (19/03/2018) - READ  MEM Access, AP 0, Addr 0xE00FF000, Val 0xFFF0F003, "SWD Read Memory (32 bit) - Success" - ID 8
22:18:58:240 (19/03/2018) - READ  MEM BLOCK Access, AP 0, Start Addr 0xE000EFF0, End Addr 0xE000EFFF, "SWD Read Memory Block - Success" - ID 9
  Item #0, AP 0, Addr 0xE000EFF0, Value 0x0000000D
  Item #1, AP 0, Addr 0xE000EFF4, Value 0x000000E0
  Item #2, AP 0, Addr 0xE000EFF8, Value 0x00000005
  Item #3, AP 0, Addr 0xE000EFFC, Value 0x000000B1
22:18:58:240 (19/03/2018) - READ  MEM BLOCK Access, AP 0, Start Addr 0xE000EFD0, End Addr 0xE000EFEF, "SWD Read Memory Block - Success" - ID 10
  Item #0, AP 0, Addr 0xE000EFD0, Value 0x00000004
  Item #1, AP 0, Addr 0xE000EFD4, Value 0x00000000
  Item #2, AP 0, Addr 0xE000EFD8, Value 0x00000000
  Item #3, AP 0, Addr 0xE000EFDC, Value 0x00000000
  Item #4, AP 0, Addr 0xE000EFE0, Value 0x0000000C
  Item #5, AP 0, Addr 0xE000EFE4, Value 0x000000B0
  Item #6, AP 0, Addr 0xE000EFE8, Value 0x0000000B
  Item #7, AP 0, Addr 0xE000EFEC, Value 0x00000000
22:18:58:240 (19/03/2018) - ROM TABLE: Detected SCS (ARMv7-M with FP Extension) at address 0xE000E000 (PID 0x00000004000BB00C, CID 0xB105E00D)
22:18:58:240 (19/03/2018) - WRITE MEM Access, AP 0, Addr 0xE000EDFC, Val 0x01000000, "SWD Write Memory (32 bit) - Success" - ID 11
22:18:58:240 (19/03/2018) - READ  MEM Access, AP 0, Addr 0xE00FF004, Val 0xFFF02003, "SWD Read Memory (32 bit) - Success" - ID 12
22:18:58:250 (19/03/2018) - READ  MEM BLOCK Access, AP 0, Start Addr 0xE0001FF0, End Addr 0xE0001FFF, "SWD Read Memory Block - Success" - ID 13
  Item #0, AP 0, Addr 0xE0001FF0, Value 0x0000000D
  Item #1, AP 0, Addr 0xE0001FF4, Value 0x000000E0
  Item #2, AP 0, Addr 0xE0001FF8, Value 0x00000005
  Item #3, AP 0, Addr 0xE0001FFC, Value 0x000000B1
22:18:58:250 (19/03/2018) - READ  MEM BLOCK Access, AP 0, Start Addr 0xE0001FD0, End Addr 0xE0001FEF, "SWD Read Memory Block - Success" - ID 14
  Item #0, AP 0, Addr 0xE0001FD0, Value 0x00000004
  Item #1, AP 0, Addr 0xE0001FD4, Value 0x00000000
  Item #2, AP 0, Addr 0xE0001FD8, Value 0x00000000
  Item #3, AP 0, Addr 0xE0001FDC, Value 0x00000000
  Item #4, AP 0, Addr 0xE0001FE0, Value 0x00000002
  Item #5, AP 0, Addr 0xE0001FE4, Value 0x000000B0
  Item #6, AP 0, Addr 0xE0001FE8, Value 0x0000003B
  Item #7, AP 0, Addr 0xE0001FEC, Value 0x00000000
22:18:58:250 (19/03/2018) - ROM TABLE: Detected DWT (ARMv7-M) at address 0xE0001000 (PID 0x00000004003BB002, CID 0xB105E00D)
22:18:58:250 (19/03/2018) - READ  MEM Access, AP 0, Addr 0xE00FF008, Val 0xFFF03003, "SWD Read Memory (32 bit) - Success" - ID 15
22:18:58:250 (19/03/2018) - READ  MEM BLOCK Access, AP 0, Start Addr 0xE0002FF0, End Addr 0xE0002FFF, "SWD Read Memory Block - Success" - ID 16
  Item #0, AP 0, Addr 0xE0002FF0, Value 0x0000000D
  Item #1, AP 0, Addr 0xE0002FF4, Value 0x000000E0
  Item #2, AP 0, Addr 0xE0002FF8, Value 0x00000005
  Item #3, AP 0, Addr 0xE0002FFC, Value 0x000000B1
22:18:58:250 (19/03/2018) - READ  MEM BLOCK Access, AP 0, Start Addr 0xE0002FD0, End Addr 0xE0002FEF, "SWD Read Memory Block - Success" - ID 17
  Item #0, AP 0, Addr 0xE0002FD0, Value 0x00000004
  Item #1, AP 0, Addr 0xE0002FD4, Value 0x00000000
  Item #2, AP 0, Addr 0xE0002FD8, Value 0x00000000
  Item #3, AP 0, Addr 0xE0002FDC, Value 0x00000000
  Item #4, AP 0, Addr 0xE0002FE0, Value 0x00000003
  Item #5, AP 0, Addr 0xE0002FE4, Value 0x000000B0
  Item #6, AP 0, Addr 0xE0002FE8, Value 0x0000002B
  Item #7, AP 0, Addr 0xE0002FEC, Value 0x00000000
22:18:58:250 (19/03/2018) - ROM TABLE: Detected FPB (ARMv7-M) at address 0xE0002000 (PID 0x00000004002BB003, CID 0xB105E00D)
22:18:58:260 (19/03/2018) - READ  MEM Access, AP 0, Addr 0xE00FF00C, Val 0xFFF01003, "SWD Read Memory (32 bit) - Success" - ID 18
22:18:58:260 (19/03/2018) - READ  MEM BLOCK Access, AP 0, Start Addr 0xE0000FF0, End Addr 0xE0000FFF, "SWD Read Memory Block - Success" - ID 19
  Item #0, AP 0, Addr 0xE0000FF0, Value 0x0000000D
  Item #1, AP 0, Addr 0xE0000FF4, Value 0x000000E0
  Item #2, AP 0, Addr 0xE0000FF8, Value 0x00000005
  Item #3, AP 0, Addr 0xE0000FFC, Value 0x000000B1
22:18:58:260 (19/03/2018) - READ  MEM BLOCK Access, AP 0, Start Addr 0xE0000FD0, End Addr 0xE0000FEF, "SWD Read Memory Block - Success" - ID 20
  Item #0, AP 0, Addr 0xE0000FD0, Value 0x00000004
  Item #1, AP 0, Addr 0xE0000FD4, Value 0x00000000
  Item #2, AP 0, Addr 0xE0000FD8, Value 0x00000000
  Item #3, AP 0, Addr 0xE0000FDC, Value 0x00000000
  Item #4, AP 0, Addr 0xE0000FE0, Value 0x00000001
  Item #5, AP 0, Addr 0xE0000FE4, Value 0x000000B0
  Item #6, AP 0, Addr 0xE0000FE8, Value 0x0000003B
  Item #7, AP 0, Addr 0xE0000FEC, Value 0x00000000
22:18:58:260 (19/03/2018) - ROM TABLE: Detected ITM (ARMv7-M) at address 0xE0000000 (PID 0x00000004003BB001, CID 0xB105E00D)
22:18:58:260 (19/03/2018) - READ  MEM Access, AP 0, Addr 0xE00FF010, Val 0xFFF41003, "SWD Read Memory (32 bit) - Success" - ID 21
22:18:58:260 (19/03/2018) - READ  MEM BLOCK Access, AP 0, Start Addr 0xE0040FF0, End Addr 0xE0040FFF, "SWD Read Memory Block - Success" - ID 22
  Item #0, AP 0, Addr 0xE0040FF0, Value 0x0000000D
  Item #1, AP 0, Addr 0xE0040FF4, Value 0x00000090
  Item #2, AP 0, Addr 0xE0040FF8, Value 0x00000005
  Item #3, AP 0, Addr 0xE0040FFC, Value 0x000000B1
22:18:58:270 (19/03/2018) - READ  MEM BLOCK Access, AP 0, Start Addr 0xE0040FD0, End Addr 0xE0040FEF, "SWD Read Memory Block - Success" - ID 23
  Item #0, AP 0, Addr 0xE0040FD0, Value 0x00000004
  Item #1, AP 0, Addr 0xE0040FD4, Value 0x00000000
  Item #2, AP 0, Addr 0xE0040FD8, Value 0x00000000
  Item #3, AP 0, Addr 0xE0040FDC, Value 0x00000000
  Item #4, AP 0, Addr 0xE0040FE0, Value 0x000000A1
  Item #5, AP 0, Addr 0xE0040FE4, Value 0x000000B9
  Item #6, AP 0, Addr 0xE0040FE8, Value 0x0000000B
  Item #7, AP 0, Addr 0xE0040FEC, Value 0x00000000
22:18:58:270 (19/03/2018) - ROM TABLE: Detected TPIU (Cortex-M4) at address 0xE0040000 (PID 0x00000004000BB9A1, CID 0xB105900D)
22:18:58:270 (19/03/2018) - READ  MEM Access, AP 0, Addr 0xE00FF014, Val 0xFFF42003, "SWD Read Memory (32 bit) - Success" - ID 24
22:18:58:270 (19/03/2018) - READ  MEM BLOCK Access, AP 0, Start Addr 0xE0041FF0, End Addr 0xE0041FFF, "SWD Read Memory Block - Success" - ID 25
  Item #0, AP 0, Addr 0xE0041FF0, Value 0x0000000D
  Item #1, AP 0, Addr 0xE0041FF4, Value 0x00000090
  Item #2, AP 0, Addr 0xE0041FF8, Value 0x00000005
  Item #3, AP 0, Addr 0xE0041FFC, Value 0x000000B1
22:18:58:270 (19/03/2018) - READ  MEM BLOCK Access, AP 0, Start Addr 0xE0041FD0, End Addr 0xE0041FEF, "SWD Read Memory Block - Success" - ID 26
  Item #0, AP 0, Addr 0xE0041FD0, Value 0x00000004
  Item #1, AP 0, Addr 0xE0041FD4, Value 0x00000000
  Item #2, AP 0, Addr 0xE0041FD8, Value 0x00000000
  Item #3, AP 0, Addr 0xE0041FDC, Value 0x00000000
  Item #4, AP 0, Addr 0xE0041FE0, Value 0x00000025
  Item #5, AP 0, Addr 0xE0041FE4, Value 0x000000B9
  Item #6, AP 0, Addr 0xE0041FE8, Value 0x0000000B
  Item #7, AP 0, Addr 0xE0041FEC, Value 0x00000000
22:18:58:270 (19/03/2018) - ROM TABLE: Detected ETM (Cortex-M4) at address 0xE0041000 (PID 0x00000004000BB925, CID 0xB105900D)
22:18:58:270 (19/03/2018) - READ  MEM Access, AP 0, Addr 0xE00FF018, Val 0x00000000, "SWD Read Memory (32 bit) - Success" - ID 27
22:18:58:270 (19/03/2018) - END SEQUENCE "DebugReadRomTable", "success" - ID 20
22:18:58:270 (19/03/2018) - START SEQUENCE "_EvalCPUID", "default" - ID 21
22:18:58:280 (19/03/2018) - READ  MEM Access, AP 0, Addr 0xE000ED00, Val 0x410FC241, "SWD Read Memory (32 bit) - Success" - ID 28
22:18:58:280 (19/03/2018) - READ  MEM Access, AP 0, Addr 0xE000EF40, Val 0x10110021, "SWD Read Memory (32 bit) - Success" - ID 29
22:18:58:280 (19/03/2018) - READ  MEM Access, AP 0, Addr 0xE000EF44, Val 0x11000011, "SWD Read Memory (32 bit) - Success" - ID 30
22:18:58:280 (19/03/2018) - END SEQUENCE "_EvalCPUID", "success" - ID 22
22:18:58:280 (19/03/2018) - READ  DP  Access, Addr 0x00000004, Val 0xF0000F40, "SWD Read DP - Success" - ID 31
22:18:58:280 (19/03/2018) - END SEQUENCE "DebugReadTargetFeatures", "success" - ID 23
22:18:58:280 (19/03/2018) - START SEQUENCE "DebugCoreStart", "calling sequence" - ID 24
22:18:58:290 (19/03/2018) - WRITE MEM BLOCK Access, AP 0, Start Addr 0xE000EDF0, End Addr 0xE000EDF3, "SWD Write Memory Block (32-bit accesses) - Success" - ID 32
  Item #0, AP 0, Addr 0xE000EDF0, Value 0xA05F0001
22:18:58:290 (19/03/2018) - WRITE MEM BLOCK Access, AP 0, Start Addr 0xE0042004, End Addr 0xE0042007, "SWD Write Memory Block (32-bit accesses) - Success" - ID 33
  Item #0, AP 0, Addr 0xE0042004, Value 0x00000007
22:18:58:290 (19/03/2018) - WRITE MEM BLOCK Access, AP 0, Start Addr 0xE0042008, End Addr 0xE004200B, "SWD Write Memory Block (32-bit accesses) - Success" - ID 34
  Item #0, AP 0, Addr 0xE0042008, Value 0x00000000
22:18:58:300 (19/03/2018) - WRITE MEM BLOCK Access, AP 0, Start Addr 0xE004200C, End Addr 0xE004200F, "SWD Write Memory Block (32-bit accesses) - Success" - ID 35
  Item #0, AP 0, Addr 0xE004200C, Value 0x00000000
22:18:58:300 (19/03/2018) - END SEQUENCE "DebugCoreStart", "success" - ID 25
22:18:58:300 (19/03/2018) - WRITE MEM Access, AP 0, Addr 0xE000EDF0, Val 0xA05F0003, "SWD Write Memory (32 bit) - Success" - ID 36
22:18:58:300 (19/03/2018) - START SEQUENCE "_WaitForStop", "default" - ID 26
22:18:58:300 (19/03/2018) - READ  MEM Access, AP 0, Addr 0xE000EDF0, Val 0x01030003, "SWD Read Memory (32 bit) - Success" - ID 37
22:18:58:300 (19/03/2018) - END SEQUENCE "_WaitForStop", "success" - ID 27
22:18:58:300 (19/03/2018) - WRITE MEM Access, AP 0, Addr 0xE000EDF0, Val 0xA05F0003, "SWD Write Memory (32 bit) - Success" - ID 38
22:18:58:300 (19/03/2018) - START SEQUENCE "_InitDebugComponents", "default" - ID 28
22:18:58:310 (19/03/2018) - READ  MEM Access, AP 0, Addr 0xE000EDFC, Val 0x01000000, "SWD Read Memory (32 bit) - Success" - ID 39
22:18:58:310 (19/03/2018) - READ  MEM Access, AP 0, Addr 0xE0002000, Val 0x00000260, "SWD Read Memory (32 bit) - Success" - ID 40
22:18:58:310 (19/03/2018) - READ  MEM Access, AP 0, Addr 0xE0001000, Val 0x40000001, "SWD Read Memory (32 bit) - Success" - ID 41
22:18:58:310 (19/03/2018) - WRITE MEM Access, AP 0, Addr 0xE0001024, Val 0x0000001F, "SWD Write Memory (32 bit) - Success" - ID 42
22:18:58:310 (19/03/2018) - READ  MEM Access, AP 0, Addr 0xE0001024, Val 0x0000000F, "SWD Read Memory (32 bit) - Success" - ID 43
22:18:58:320 (19/03/2018) - WRITE MEM Access, AP 0, Addr 0xE0001024, Val 0x00000000, "SWD Write Memory (32 bit) - Success" - ID 44
22:18:58:320 (19/03/2018) - WRITE MEM Access, AP 0, Addr 0xE0001028, Val 0x00000100, "SWD Write Memory (32 bit) - Success" - ID 45
22:18:58:320 (19/03/2018) - READ  MEM Access, AP 0, Addr 0xE0001028, Val 0x00000000, "SWD Read Memory (32 bit) - Success" - ID 46
22:18:58:320 (19/03/2018) - WRITE MEM Access, AP 0, Addr 0xE0001028, Val 0x00000080, "SWD Write Memory (32 bit) - Success" - ID 47
22:18:58:320 (19/03/2018) - READ  MEM Access, AP 0, Addr 0xE0001028, Val 0x00000080, "SWD Read Memory (32 bit) - Success" - ID 48
22:18:58:330 (19/03/2018) - WRITE MEM Access, AP 0, Addr 0xE0001028, Val 0x00000000, "SWD Write Memory (32 bit) - Success" - ID 49
22:18:58:330 (19/03/2018) - WRITE MEM Access, AP 0, Addr 0xE0001038, Val 0x00000100, "SWD Write Memory (32 bit) - Success" - ID 50
22:18:58:330 (19/03/2018) - READ  MEM Access, AP 0, Addr 0xE0001038, Val 0x00000300, "SWD Read Memory (32 bit) - Success" - ID 51
22:18:58:330 (19/03/2018) - WRITE MEM Access, AP 0, Addr 0xE0001038, Val 0x00000080, "SWD Write Memory (32 bit) - Success" - ID 52
22:18:58:330 (19/03/2018) - READ  MEM Access, AP 0, Addr 0xE0001038, Val 0x00000200, "SWD Read Memory (32 bit) - Success" - ID 53
22:18:58:340 (19/03/2018) - WRITE MEM Access, AP 0, Addr 0xE0001038, Val 0x00000000, "SWD Write Memory (32 bit) - Success" - ID 54
22:18:58:340 (19/03/2018) - WRITE MEM Access, AP 0, Addr 0xE0001048, Val 0x00000100, "SWD Write Memory (32 bit) - Success" - ID 55
22:18:58:340 (19/03/2018) - READ  MEM Access, AP 0, Addr 0xE0001048, Val 0x00000000, "SWD Read Memory (32 bit) - Success" - ID 56
22:18:58:340 (19/03/2018) - WRITE MEM Access, AP 0, Addr 0xE0001048, Val 0x00000080, "SWD Write Memory (32 bit) - Success" - ID 57
22:18:58:340 (19/03/2018) - READ  MEM Access, AP 0, Addr 0xE0001048, Val 0x00000000, "SWD Read Memory (32 bit) - Success" - ID 58
22:18:58:350 (19/03/2018) - WRITE MEM Access, AP 0, Addr 0xE0001048, Val 0x00000000, "SWD Write Memory (32 bit) - Success" - ID 59
22:18:58:350 (19/03/2018) - WRITE MEM Access, AP 0, Addr 0xE0001058, Val 0x00000100, "SWD Write Memory (32 bit) - Success" - ID 60
22:18:58:350 (19/03/2018) - READ  MEM Access, AP 0, Addr 0xE0001058, Val 0x00000000, "SWD Read Memory (32 bit) - Success" - ID 61
22:18:58:350 (19/03/2018) - WRITE MEM Access, AP 0, Addr 0xE0001058, Val 0x00000080, "SWD Write Memory (32 bit) - Success" - ID 62
22:18:58:350 (19/03/2018) - READ  MEM Access, AP 0, Addr 0xE0001058, Val 0x00000000, "SWD Read Memory (32 bit) - Success" - ID 63
22:18:58:360 (19/03/2018) - WRITE MEM Access, AP 0, Addr 0xE0001058, Val 0x00000000, "SWD Write Memory (32 bit) - Success" - ID 64
22:18:58:360 (19/03/2018) - WRITE MEM Access, AP 0, Addr 0xE0002000, Val 0x00000002, "SWD Write Memory (32 bit) - Success" - ID 65
22:18:58:360 (19/03/2018) - WRITE MEM Access, AP 0, Addr 0xE0001028, Val 0x00000000, "SWD Write Memory (32 bit) - Success" - ID 66
22:18:58:360 (19/03/2018) - WRITE MEM Access, AP 0, Addr 0xE0001038, Val 0x00000000, "SWD Write Memory (32 bit) - Success" - ID 67
22:18:58:360 (19/03/2018) - WRITE MEM Access, AP 0, Addr 0xE0001048, Val 0x00000000, "SWD Write Memory (32 bit) - Success" - ID 68
22:18:58:370 (19/03/2018) - WRITE MEM Access, AP 0, Addr 0xE0001058, Val 0x00000000, "SWD Write Memory (32 bit) - Success" - ID 69
22:18:58:370 (19/03/2018) - READ  MEM Access, AP 0, Addr 0xE000E004, Val 0x00000002, "SWD Read Memory (32 bit) - Success" - ID 70
22:18:58:370 (19/03/2018) - WRITE MEM BLOCK Access, AP 0, Start Addr 0xE0001000, End Addr 0xE000101B, "SWD Write Memory Block - Success" - ID 71
  Item #0, AP 0, Addr 0xE0001000, Value 0x00000001
  Item #1, AP 0, Addr 0xE0001004, Value 0x00000000
  Item #2, AP 0, Addr 0xE0001008, Value 0x00000000
  Item #3, AP 0, Addr 0xE000100C, Value 0x00000000
  Item #4, AP 0, Addr 0xE0001010, Value 0x00000000
  Item #5, AP 0, Addr 0xE0001014, Value 0x00000000
  Item #6, AP 0, Addr 0xE0001018, Value 0x00000000
22:18:58:370 (19/03/2018) - END SEQUENCE "_InitDebugComponents", "success" - ID 29
22:18:58:380 (19/03/2018) - START SEQUENCE "_InitTrace", "default" - ID 30
22:18:58:390 (19/03/2018) - WRITE MEM Access, AP 0, Addr 0xE0040004, Val 0x00000001, "SWD Write Memory (32 bit) - Success" - ID 72
22:18:58:390 (19/03/2018) - WRITE MEM Access, AP 0, Addr 0xE0040010, Val 0x00000007, "SWD Write Memory (32 bit) - Success" - ID 73
22:18:58:390 (19/03/2018) - WRITE MEM Access, AP 0, Addr 0xE00400F0, Val 0x00000002, "SWD Write Memory (32 bit) - Success" - ID 74
22:18:58:390 (19/03/2018) - WRITE MEM Access, AP 0, Addr 0xE0040304, Val 0x00000000, "SWD Write Memory (32 bit) - Success" - ID 75
22:18:58:390 (19/03/2018) - WRITE MEM Access, AP 0, Addr 0xE0000FB0, Val 0xC5ACCE55, "SWD Write Memory (32 bit) - Success" - ID 76
22:18:58:400 (19/03/2018) - WRITE MEM Access, AP 0, Addr 0xE0000E80, Val 0x0001000D, "SWD Write Memory (32 bit) - Success" - ID 77
22:18:58:400 (19/03/2018) - WRITE MEM Access, AP 0, Addr 0xE0000E00, Val 0x00000001, "SWD Write Memory (32 bit) - Success" - ID 78
22:18:58:400 (19/03/2018) - WRITE MEM Access, AP 0, Addr 0xE0000E40, Val 0x00000000, "SWD Write Memory (32 bit) - Success" - ID 79
22:18:58:400 (19/03/2018) - WRITE MEM Access, AP 0, Addr 0xE0001000, Val 0x0001061F, "SWD Write Memory (32 bit) - Success" - ID 80
22:18:58:400 (19/03/2018) - START SEQUENCE "TraceStart", "calling sequence" - ID 31
22:18:58:410 (19/03/2018) - READ  MEM BLOCK Access, AP 0, Start Addr 0xE0042004, End Addr 0xE0042007, "SWD Read Memory Block (32-bit accesses) - Success" - ID 81
  Item #0, AP 0, Addr 0xE0042004, Value 0x00000007
22:18:58:410 (19/03/2018) - READ  MEM BLOCK Access, AP 0, Start Addr 0x40023830, End Addr 0x40023833, "SWD Read Memory Block (32-bit accesses) - Success" - ID 82
  Item #0, AP 0, Addr 0x40023830, Value 0x0E10108F
22:18:58:410 (19/03/2018) - WRITE MEM BLOCK Access, AP 0, Start Addr 0x40023830, End Addr 0x40023833, "SWD Write Memory Block (32-bit accesses) - Success" - ID 83
  Item #0, AP 0, Addr 0x40023830, Value 0x0E10108F
22:18:58:420 (19/03/2018) - READ  MEM BLOCK Access, AP 0, Start Addr 0x40020400, End Addr 0x40020403, "SWD Read Memory Block (32-bit accesses) - Success" - ID 84
  Item #0, AP 0, Addr 0x40020400, Value 0x0A800280
22:18:58:420 (19/03/2018) - WRITE MEM BLOCK Access, AP 0, Start Addr 0x40020400, End Addr 0x40020403, "SWD Write Memory Block (32-bit accesses) - Success" - ID 85
  Item #0, AP 0, Addr 0x40020400, Value 0x0A800280
22:18:58:430 (19/03/2018) - READ  MEM BLOCK Access, AP 0, Start Addr 0x40020408, End Addr 0x4002040B, "SWD Read Memory Block (32-bit accesses) - Success" - ID 86
  Item #0, AP 0, Addr 0x40020408, Value 0x0FC000C0
22:18:58:430 (19/03/2018) - WRITE MEM BLOCK Access, AP 0, Start Addr 0x40020408, End Addr 0x4002040B, "SWD Write Memory Block (32-bit accesses) - Success" - ID 87
  Item #0, AP 0, Addr 0x40020408, Value 0x0FC000C0
22:18:58:430 (19/03/2018) - READ  MEM BLOCK Access, AP 0, Start Addr 0x4002040C, End Addr 0x4002040F, "SWD Read Memory Block (32-bit accesses) - Success" - ID 88
  Item #0, AP 0, Addr 0x4002040C, Value 0x00000100
22:18:58:440 (19/03/2018) - WRITE MEM BLOCK Access, AP 0, Start Addr 0x4002040C, End Addr 0x4002040F, "SWD Write Memory Block (32-bit accesses) - Success" - ID 89
  Item #0, AP 0, Addr 0x4002040C, Value 0x00000100
22:18:58:440 (19/03/2018) - READ  MEM BLOCK Access, AP 0, Start Addr 0x40020420, End Addr 0x40020423, "SWD Read Memory Block (32-bit accesses) - Success" - ID 90
  Item #0, AP 0, Addr 0x40020420, Value 0x00000000
22:18:58:450 (19/03/2018) - WRITE MEM BLOCK Access, AP 0, Start Addr 0x40020420, End Addr 0x40020423, "SWD Write Memory Block (32-bit accesses) - Success" - ID 91
  Item #0, AP 0, Addr 0x40020420, Value 0x00000000
22:18:58:450 (19/03/2018) - WRITE MEM BLOCK Access, AP 0, Start Addr 0xE0042004, End Addr 0xE0042007, "SWD Write Memory Block (32-bit accesses) - Success" - ID 92
  Item #0, AP 0, Addr 0xE0042004, Value 0x00000027
22:18:58:450 (19/03/2018) - END SEQUENCE "_InitTrace", "success" - ID 32
22:18:58:450 (19/03/2018) - END SEQUENCE "InitTarget", "success" - ID 33
22:18:58:450 (19/03/2018) - START SEQUENCE "ResetCatchSet", "default" - ID 34
22:18:58:450 (19/03/2018) - WRITE MEM Access, AP 0, Addr 0xE000EDFC, Val 0x00000001, "SWD Write Memory (32 bit) - Success" - ID 93
22:18:58:450 (19/03/2018) - READ  MEM Access, AP 0, Addr 0xE000EDF0, Val 0x00030003, "SWD Read Memory (32 bit) - Success" - ID 94
22:18:58:450 (19/03/2018) - END SEQUENCE "ResetCatchSet", "success" - ID 35
22:18:58:460 (19/03/2018) - START SEQUENCE "ResetSystem", "default" - ID 36
22:18:58:460 (19/03/2018) - WRITE MEM Access, AP 0, Addr 0xE000ED0C, Val 0x05FA0004, "SWD Write Memory (32 bit) - Success" - ID 95
22:18:58:460 (19/03/2018) - START SEQUENCE "_ResetRecovery", "default" - ID 37
22:18:58:460 (19/03/2018) - READ  MEM Access, AP 0, Addr 0xE000EDF0, Val 0x02030003, "SWD Read Memory (32 bit) - Success" - ID 96
22:18:58:460 (19/03/2018) - READ  MEM Access, AP 0, Addr 0xE000EDF0, Val 0x00030003, "SWD Read Memory (32 bit) - Success" - ID 97
  22:18:58:470 (19/03/2018) - END SEQUENCE "_ResetRecovery", "success" - ID 38
  22:18:58:470 (19/03/2018) - END SEQUENCE "ResetSystem", "success" - ID 39
22:18:58:480 (19/03/2018) - READ  MEM Access, AP 0, Addr 0xE000EDF0, Val 0x00030003, "SWD Read Memory (32 bit) - Success" - ID 98
22:18:58:530 (19/03/2018) - READ  MEM Access, AP 0, Addr 0xE000EDF0, Val 0x00030003, "SWD Read Memory (32 bit) - Success" - ID 99
22:18:58:530 (19/03/2018) - START SEQUENCE "_WaitForStop", "default" - ID 40
22:18:58:540 (19/03/2018) - READ  MEM Access, AP 0, Addr 0xE000EDF0, Val 0x00030003, "SWD Read Memory (32 bit) - Success" - ID 100
  22:18:58:540 (19/03/2018) - END SEQUENCE "_WaitForStop", "success" - ID 41
  22:18:58:540 (19/03/2018) - START SEQUENCE "ResetCatchClear", "default" - ID 42
22:18:58:540 (19/03/2018) - READ  MEM Access, AP 0, Addr 0xE000EDFC, Val 0x00000001, "SWD Read Memory (32 bit) - Success" - ID 101
22:18:58:540 (19/03/2018) - WRITE MEM Access, AP 0, Addr 0xE000EDFC, Val 0x00000000, "SWD Write Memory (32 bit) - Success" - ID 102
22:18:58:540 (19/03/2018) - END SEQUENCE "ResetCatchClear", "success" - ID 43
22:18:58:540 (19/03/2018) - WRITE MEM Access, AP 0, Addr 0xE000EDFC, Val 0x01000000, "SWD Write Memory (32 bit) - Success" - ID 103
22:18:58:540 (19/03/2018) - START SEQUENCE "TraceStart", "calling sequence" - ID 44
22:18:58:550 (19/03/2018) - READ  MEM BLOCK Access, AP 0, Start Addr 0xE0042004, End Addr 0xE0042007, "SWD Read Memory Block (32-bit accesses) - Success" - ID 104
  Item #0, AP 0, Addr 0xE0042004, Value 0x00000027
22:18:58:550 (19/03/2018) - READ  MEM BLOCK Access, AP 0, Start Addr 0x40023830, End Addr 0x40023833, "SWD Read Memory Block (32-bit accesses) - Success" - ID 105
  Item #0, AP 0, Addr 0x40023830, Value 0x00100000
22:18:58:560 (19/03/2018) - WRITE MEM BLOCK Access, AP 0, Start Addr 0x40023830, End Addr 0x40023833, "SWD Write Memory Block (32-bit accesses) - Success" - ID 106
  Item #0, AP 0, Addr 0x40023830, Value 0x00100002
22:18:58:560 (19/03/2018) - READ  MEM BLOCK Access, AP 0, Start Addr 0x40020400, End Addr 0x40020403, "SWD Read Memory Block (32-bit accesses) - Success" - ID 107
  Item #0, AP 0, Addr 0x40020400, Value 0x00000280
22:18:58:560 (19/03/2018) - WRITE MEM BLOCK Access, AP 0, Start Addr 0x40020400, End Addr 0x40020403, "SWD Write Memory Block (32-bit accesses) - Success" - ID 108
  Item #0, AP 0, Addr 0x40020400, Value 0x00000280
22:18:58:570 (19/03/2018) - READ  MEM BLOCK Access, AP 0, Start Addr 0x40020408, End Addr 0x4002040B, "SWD Read Memory Block (32-bit accesses) - Success" - ID 109
  Item #0, AP 0, Addr 0x40020408, Value 0x000000C0
22:18:58:570 (19/03/2018) - WRITE MEM BLOCK Access, AP 0, Start Addr 0x40020408, End Addr 0x4002040B, "SWD Write Memory Block (32-bit accesses) - Success" - ID 110
  Item #0, AP 0, Addr 0x40020408, Value 0x000000C0
22:18:58:580 (19/03/2018) - READ  MEM BLOCK Access, AP 0, Start Addr 0x4002040C, End Addr 0x4002040F, "SWD Read Memory Block (32-bit accesses) - Success" - ID 111
  Item #0, AP 0, Addr 0x4002040C, Value 0x00000100
22:18:58:580 (19/03/2018) - WRITE MEM BLOCK Access, AP 0, Start Addr 0x4002040C, End Addr 0x4002040F, "SWD Write Memory Block (32-bit accesses) - Success" - ID 112
  Item #0, AP 0, Addr 0x4002040C, Value 0x00000100
22:18:58:580 (19/03/2018) - READ  MEM BLOCK Access, AP 0, Start Addr 0x40020420, End Addr 0x40020423, "SWD Read Memory Block (32-bit accesses) - Success" - ID 113
  Item #0, AP 0, Addr 0x40020420, Value 0x00000000
22:18:58:590 (19/03/2018) - WRITE MEM BLOCK Access, AP 0, Start Addr 0x40020420, End Addr 0x40020423, "SWD Write Memory Block (32-bit accesses) - Success" - ID 114
  Item #0, AP 0, Addr 0x40020420, Value 0x00000000
22:18:58:590 (19/03/2018) - WRITE MEM BLOCK Access, AP 0, Start Addr 0xE0042004, End Addr 0xE0042007, "SWD Write Memory Block (32-bit accesses) - Success" - ID 115
  Item #0, AP 0, Addr 0xE0042004, Value 0x00000027
22:18:58:610 (19/03/2018) - READ  MEM Access, AP 0, Addr 0xE000EDF0, Val 0x00030003, "SWD Read Memory (32 bit) - Success" - ID 116
22:18:58:740 (19/03/2018) - START SEQUENCE "ResetCatchSet", "default" - ID 45
22:18:58:740 (19/03/2018) - WRITE MEM Access, AP 0, Addr 0xE000EDFC, Val 0x00000001, "SWD Write Memory (32 bit) - Success" - ID 117
22:18:58:740 (19/03/2018) - READ  MEM Access, AP 0, Addr 0xE000EDF0, Val 0x00030003, "SWD Read Memory (32 bit) - Success" - ID 118
22:18:58:740 (19/03/2018) - END SEQUENCE "ResetCatchSet", "success" - ID 46
22:18:58:740 (19/03/2018) - START SEQUENCE "ResetSystem", "default" - ID 47
22:18:58:740 (19/03/2018) - WRITE MEM Access, AP 0, Addr 0xE000ED0C, Val 0x05FA0004, "SWD Write Memory (32 bit) - Success" - ID 119
22:18:58:740 (19/03/2018) - START SEQUENCE "_ResetRecovery", "default" - ID 48
22:18:58:750 (19/03/2018) - READ  MEM Access, AP 0, Addr 0xE000EDF0, Val 0x02030003, "SWD Read Memory (32 bit) - Success" - ID 120
22:18:58:750 (19/03/2018) - READ  MEM Access, AP 0, Addr 0xE000EDF0, Val 0x00030003, "SWD Read Memory (32 bit) - Success" - ID 121
  22:18:58:760 (19/03/2018) - END SEQUENCE "_ResetRecovery", "success" - ID 49
  22:18:58:760 (19/03/2018) - END SEQUENCE "ResetSystem", "success" - ID 50
22:18:58:760 (19/03/2018) - READ  MEM Access, AP 0, Addr 0xE000EDF0, Val 0x00030003, "SWD Read Memory (32 bit) - Success" - ID 122
22:18:58:930 (19/03/2018) - READ  MEM Access, AP 0, Addr 0xE000EDF0, Val 0x00030003, "SWD Read Memory (32 bit) - Success" - ID 123
22:18:58:930 (19/03/2018) - START SEQUENCE "_WaitForStop", "default" - ID 51
22:18:58:930 (19/03/2018) - READ  MEM Access, AP 0, Addr 0xE000EDF0, Val 0x00030003, "SWD Read Memory (32 bit) - Success" - ID 124
  22:18:58:930 (19/03/2018) - END SEQUENCE "_WaitForStop", "success" - ID 52
  22:18:58:930 (19/03/2018) - START SEQUENCE "ResetCatchClear", "default" - ID 53
22:18:58:940 (19/03/2018) - READ  MEM Access, AP 0, Addr 0xE000EDFC, Val 0x00000001, "SWD Read Memory (32 bit) - Success" - ID 125
22:18:58:940 (19/03/2018) - WRITE MEM Access, AP 0, Addr 0xE000EDFC, Val 0x00000000, "SWD Write Memory (32 bit) - Success" - ID 126
22:18:58:940 (19/03/2018) - END SEQUENCE "ResetCatchClear", "success" - ID 54
22:18:58:940 (19/03/2018) - WRITE MEM Access, AP 0, Addr 0xE000EDFC, Val 0x01000000, "SWD Write Memory (32 bit) - Success" - ID 127
22:18:58:940 (19/03/2018) - START SEQUENCE "TraceStart", "calling sequence" - ID 55
22:18:58:950 (19/03/2018) - READ  MEM BLOCK Access, AP 0, Start Addr 0xE0042004, End Addr 0xE0042007, "SWD Read Memory Block (32-bit accesses) - Success" - ID 128
  Item #0, AP 0, Addr 0xE0042004, Value 0x00000027
22:18:58:950 (19/03/2018) - READ  MEM BLOCK Access, AP 0, Start Addr 0x40023830, End Addr 0x40023833, "SWD Read Memory Block (32-bit accesses) - Success" - ID 129
  Item #0, AP 0, Addr 0x40023830, Value 0x00100000
22:18:58:950 (19/03/2018) - WRITE MEM BLOCK Access, AP 0, Start Addr 0x40023830, End Addr 0x40023833, "SWD Write Memory Block (32-bit accesses) - Success" - ID 130
  Item #0, AP 0, Addr 0x40023830, Value 0x00100002
22:18:58:960 (19/03/2018) - READ  MEM BLOCK Access, AP 0, Start Addr 0x40020400, End Addr 0x40020403, "SWD Read Memory Block (32-bit accesses) - Success" - ID 131
  Item #0, AP 0, Addr 0x40020400, Value 0x00000280
22:18:58:960 (19/03/2018) - WRITE MEM BLOCK Access, AP 0, Start Addr 0x40020400, End Addr 0x40020403, "SWD Write Memory Block (32-bit accesses) - Success" - ID 132
  Item #0, AP 0, Addr 0x40020400, Value 0x00000280
22:18:58:970 (19/03/2018) - READ  MEM BLOCK Access, AP 0, Start Addr 0x40020408, End Addr 0x4002040B, "SWD Read Memory Block (32-bit accesses) - Success" - ID 133
  Item #0, AP 0, Addr 0x40020408, Value 0x000000C0
22:18:58:970 (19/03/2018) - WRITE MEM BLOCK Access, AP 0, Start Addr 0x40020408, End Addr 0x4002040B, "SWD Write Memory Block (32-bit accesses) - Success" - ID 134
  Item #0, AP 0, Addr 0x40020408, Value 0x000000C0
22:18:58:970 (19/03/2018) - READ  MEM BLOCK Access, AP 0, Start Addr 0x4002040C, End Addr 0x4002040F, "SWD Read Memory Block (32-bit accesses) - Success" - ID 135
  Item #0, AP 0, Addr 0x4002040C, Value 0x00000100
22:18:58:984 (19/03/2018) - WRITE MEM BLOCK Access, AP 0, Start Addr 0x4002040C, End Addr 0x4002040F, "SWD Write Memory Block (32-bit accesses) - Success" - ID 136
  Item #0, AP 0, Addr 0x4002040C, Value 0x00000100
22:18:58:988 (19/03/2018) - READ  MEM BLOCK Access, AP 0, Start Addr 0x40020420, End Addr 0x40020423, "SWD Read Memory Block (32-bit accesses) - Success" - ID 137
  Item #0, AP 0, Addr 0x40020420, Value 0x00000000
22:18:58:992 (19/03/2018) - WRITE MEM BLOCK Access, AP 0, Start Addr 0x40020420, End Addr 0x40020423, "SWD Write Memory Block (32-bit accesses) - Success" - ID 138
  Item #0, AP 0, Addr 0x40020420, Value 0x00000000
22:18:58:996 (19/03/2018) - WRITE MEM BLOCK Access, AP 0, Start Addr 0xE0042004, End Addr 0xE0042007, "SWD Write Memory Block (32-bit accesses) - Success" - ID 139
  Item #0, AP 0, Addr 0xE0042004, Value 0x00000027
22:18:59:156 (19/03/2018) - WRITE MEM Access, AP 0, Addr 0xE0001008, Val 0x00000000, "SWD Write Memory (32 bit) - Success" - ID 140
22:18:59:156 (19/03/2018) - WRITE MEM Access, AP 0, Addr 0xE000100C, Val 0x00000000, "SWD Write Memory (32 bit) - Success" - ID 141
22:18:59:166 (19/03/2018) - WRITE MEM Access, AP 0, Addr 0xE0001010, Val 0x00000000, "SWD Write Memory (32 bit) - Success" - ID 142
22:18:59:168 (19/03/2018) - WRITE MEM Access, AP 0, Addr 0xE0001014, Val 0x00000000, "SWD Write Memory (32 bit) - Success" - ID 143
22:18:59:170 (19/03/2018) - WRITE MEM Access, AP 0, Addr 0xE0001018, Val 0x00000000, "SWD Write Memory (32 bit) - Success" - ID 144
22:18:59:192 (19/03/2018) - READ  MEM Access, AP 0, Addr 0xE000EDF0, Val 0x00030003, "SWD Read Memory (32 bit) - Success" - ID 145
22:18:59:443 (19/03/2018) - READ  MEM Access, AP 0, Addr 0xE000EDF0, Val 0x00030003, "SWD Read Memory (32 bit) - Success" - ID 146
22:18:59:694 (19/03/2018) - READ  MEM Access, AP 0, Addr 0xE000EDF0, Val 0x00030003, "SWD Read Memory (32 bit) - Success" - ID 147
22:18:59:754 (19/03/2018) - READ  MEM BLOCK Access, AP 0, Start Addr 0x08000374, End Addr 0x080003AF, "SWD Read Memory Block - Success" - ID 148
  Item #0, AP 0, Addr 0x08000374, Value 0x47804809
  Item #1, AP 0, Addr 0x08000378, Value 0x47004809
  Item #2, AP 0, Addr 0x0800037C, Value 0xE7FEE7FE
  Item #3, AP 0, Addr 0x08000380, Value 0xE7FEE7FE
  Item #4, AP 0, Addr 0x08000384, Value 0xE7FEE7FE
  Item #5, AP 0, Addr 0x08000388, Value 0xE7FEE7FE
  Item #6, AP 0, Addr 0x0800038C, Value 0xE7FEE7FE
  Item #7, AP 0, Addr 0x08000390, Value 0x49054804
  Item #8, AP 0, Addr 0x08000394, Value 0x4B064A05
  Item #9, AP 0, Addr 0x08000398, Value 0x00004770
  Item #10, AP 0, Addr 0x0800039C, Value 0x080030D5
  Item #11, AP 0, Addr 0x080003A0, Value 0x08000189
  Item #12, AP 0, Addr 0x080003A4, Value 0x2000AF20
  Item #13, AP 0, Addr 0x080003A8, Value 0x2000B520
  Item #14, AP 0, Addr 0x080003AC, Value 0x2000B120
22:18:59:944 (19/03/2018) - READ  MEM Access, AP 0, Addr 0xE000EDF0, Val 0x00030003, "SWD Read Memory (32 bit) - Success" - ID 149
22:18:59:974 (19/03/2018) - READ  MEM BLOCK Access, AP 0, Start Addr 0x08000374, End Addr 0x08000375, "SWD Read Memory Block - Success" - ID 150
  Item #0, AP 0, Addr 0x08000374, Value 0x4809
22:18:59:984 (19/03/2018) - WRITE MEM BLOCK Access, AP 0, Start Addr 0xE0002000, End Addr 0xE000201F, "SWD Write Memory Block - Success" - ID 151
  Item #0, AP 0, Addr 0xE0002000, Value 0x00000003
  Item #1, AP 0, Addr 0xE0002004, Value 0x00000000
  Item #2, AP 0, Addr 0xE0002008, Value 0x4800852D
  Item #3, AP 0, Addr 0xE000200C, Value 0x00000000
  Item #4, AP 0, Addr 0xE0002010, Value 0x00000000
  Item #5, AP 0, Addr 0xE0002014, Value 0x00000000
  Item #6, AP 0, Addr 0xE0002018, Value 0x00000000
  Item #7, AP 0, Addr 0xE000201C, Value 0x00000000
22:18:59:987 (19/03/2018) - WRITE MEM BLOCK Access, AP 0, Start Addr 0xE0001020, End Addr 0xE000105F, "SWD Write Memory Block - Success" - ID 152
  Item #0, AP 0, Addr 0xE0001020, Value 0x00000000
  Item #1, AP 0, Addr 0xE0001024, Value 0x00000000
  Item #2, AP 0, Addr 0xE0001028, Value 0x00000000
  Item #3, AP 0, Addr 0xE000102C, Value 0x00000000
  Item #4, AP 0, Addr 0xE0001030, Value 0x00000000
  Item #5, AP 0, Addr 0xE0001034, Value 0x00000000
  Item #6, AP 0, Addr 0xE0001038, Value 0x00000000
  Item #7, AP 0, Addr 0xE000103C, Value 0x00000000
  Item #8, AP 0, Addr 0xE0001040, Value 0x00000000
  Item #9, AP 0, Addr 0xE0001044, Value 0x00000000
  Item #10, AP 0, Addr 0xE0001048, Value 0x00000000
  Item #11, AP 0, Addr 0xE000104C, Value 0x00000000
  Item #12, AP 0, Addr 0xE0001050, Value 0x00000000
  Item #13, AP 0, Addr 0xE0001054, Value 0x00000000
  Item #14, AP 0, Addr 0xE0001058, Value 0x00000000
  Item #15, AP 0, Addr 0xE000105C, Value 0x00000000
22:18:59:989 (19/03/2018) - WRITE MEM Access, AP 0, Addr 0xE000ED30, Val 0x0000001F, "SWD Write Memory (32 bit) - Success" - ID 153
22:18:59:993 (19/03/2018) - READ  MEM Access, AP 0, Addr 0xE0001004, Val 0x00000000, "SWD Read Memory (32 bit) - Success" - ID 154
22:18:59:995 (19/03/2018) - WRITE MEM Access, AP 0, Addr 0xE0001004, Val 0x000003FF, "SWD Write Memory (32 bit) - Success" - ID 155
22:18:59:996 (19/03/2018) - WRITE MEM Access, AP 0, Addr 0xE0001000, Val 0x0041061F, "SWD Write Memory (32 bit) - Success" - ID 156
22:18:59:996 (19/03/2018) - WRITE MEM Access, AP 0, Addr 0xE0000E80, Val 0x0001000F, "SWD Write Memory (32 bit) - Success" - ID 157
22:18:59:996 (19/03/2018) - WRITE MEM Access, AP 0, Addr 0xE000EDF0, Val 0xA05F0001, "SWD Write Memory (32 bit) - Success" - ID 158
22:18:59:996 (19/03/2018) - READ  MEM Access, AP 0, Addr 0xE000EDF0, Val 0x01030003, "SWD Read Memory (32 bit) - Success" - ID 159
22:19:00:006 (19/03/2018) - WRITE MEM Access, AP 0, Addr 0xE0001000, Val 0x0001061F, "SWD Write Memory (32 bit) - Success" - ID 160
22:19:00:046 (19/03/2018) - READ  MEM Access, AP 0, Addr 0xE000EDF0, Val 0x00030003, "SWD Read Memory (32 bit) - Success" - ID 161
22:19:00:066 (19/03/2018) - WRITE MEM Access, AP 0, Addr 0xE0000E80, Val 0x0001000D, "SWD Write Memory (32 bit) - Success" - ID 162
22:19:00:096 (19/03/2018) - READ  MEM Access, AP 0, Addr 0xE000EDF0, Val 0x00030003, "SWD Read Memory (32 bit) - Success" - ID 163
22:19:00:146 (19/03/2018) - WRITE MEM BLOCK Access, AP 0, Start Addr 0xE0002000, End Addr 0xE000201F, "SWD Write Memory Block - Success" - ID 164
  Item #0, AP 0, Addr 0xE0002000, Value 0x00000002
  Item #1, AP 0, Addr 0xE0002004, Value 0x00000000
  Item #2, AP 0, Addr 0xE0002008, Value 0x00000000
  Item #3, AP 0, Addr 0xE000200C, Value 0x00000000
  Item #4, AP 0, Addr 0xE0002010, Value 0x00000000
  Item #5, AP 0, Addr 0xE0002014, Value 0x00000000
  Item #6, AP 0, Addr 0xE0002018, Value 0x00000000
  Item #7, AP 0, Addr 0xE000201C, Value 0x00000000
22:19:00:146 (19/03/2018) - WRITE MEM BLOCK Access, AP 0, Start Addr 0xE0001020, End Addr 0xE000105F, "SWD Write Memory Block - Success" - ID 165
  Item #0, AP 0, Addr 0xE0001020, Value 0x00000000
  Item #1, AP 0, Addr 0xE0001024, Value 0x00000000
  Item #2, AP 0, Addr 0xE0001028, Value 0x00000000
  Item #3, AP 0, Addr 0xE000102C, Value 0x00000000
  Item #4, AP 0, Addr 0xE0001030, Value 0x00000000
  Item #5, AP 0, Addr 0xE0001034, Value 0x00000000
  Item #6, AP 0, Addr 0xE0001038, Value 0x00000000
  Item #7, AP 0, Addr 0xE000103C, Value 0x00000000
  Item #8, AP 0, Addr 0xE0001040, Value 0x00000000
  Item #9, AP 0, Addr 0xE0001044, Value 0x00000000
  Item #10, AP 0, Addr 0xE0001048, Value 0x00000000
  Item #11, AP 0, Addr 0xE000104C, Value 0x00000000
  Item #12, AP 0, Addr 0xE0001050, Value 0x00000000
  Item #13, AP 0, Addr 0xE0001054, Value 0x00000000
  Item #14, AP 0, Addr 0xE0001058, Value 0x00000000
  Item #15, AP 0, Addr 0xE000105C, Value 0x00000000
22:19:00:156 (19/03/2018) - READ  MEM Access, AP 0, Addr 0xE000ED30, Val 0x00000002, "SWD Read Memory (32 bit) - Success" - ID 166
22:19:00:156 (19/03/2018) - READ  MEM Access, AP 0, Addr 0xE0001028, Val 0x00000000, "SWD Read Memory (32 bit) - Success" - ID 167
22:19:00:156 (19/03/2018) - READ  MEM Access, AP 0, Addr 0xE0001038, Val 0x00000200, "SWD Read Memory (32 bit) - Success" - ID 168
22:19:00:156 (19/03/2018) - READ  MEM Access, AP 0, Addr 0xE0001048, Val 0x00000000, "SWD Read Memory (32 bit) - Success" - ID 169
22:19:00:156 (19/03/2018) - READ  MEM Access, AP 0, Addr 0xE0001058, Val 0x00000000, "SWD Read Memory (32 bit) - Success" - ID 170
22:19:00:201 (19/03/2018) - READ  MEM Access, AP 0, Addr 0xE0001004, Val 0x00006C60, "SWD Read Memory (32 bit) - Success" - ID 171
22:19:00:210 (19/03/2018) - READ  MEM BLOCK Access, AP 0, Start Addr 0x0800842C, End Addr 0x08008467, "SWD Read Memory Block - Success" - ID 172
  Item #0, AP 0, Addr 0x0800842C, Value 0x6B831C52
  Item #1, AP 0, Addr 0x08008430, Value 0xD8F64293
  Item #2, AP 0, Addr 0x08008434, Value 0x63812100
  Item #3, AP 0, Addr 0x08008438, Value 0xF5006800
  Item #4, AP 0, Addr 0x0800843C, Value 0x69425080
  Item #5, AP 0, Addr 0x08008440, Value 0xD5020612
  Item #6, AP 0, Addr 0x08008444, Value 0x61422280
  Item #7, AP 0, Addr 0x08008448, Value 0x98006081
  Item #8, AP 0, Addr 0x0800844C, Value 0x0000E7AE
  Item #9, AP 0, Addr 0x08008450, Value 0x20003388
  Item #10, AP 0, Addr 0x08008454, Value 0x5FF0E92D
  Item #11, AP 0, Addr 0x08008458, Value 0x460D4827
  Item #12, AP 0, Addr 0x0800845C, Value 0x20006AC6
  Item #13, AP 0, Addr 0x08008460, Value 0x46044683
  Item #14, AP 0, Addr 0x08008464, Value 0xA008F8D6
22:19:00:214 (19/03/2018) - READ  MEM BLOCK Access, AP 0, Start Addr 0x08008468, End Addr 0x080084A3, "SWD Read Memory Block - Success" - ID 173
  Item #0, AP 0, Addr 0x08008468, Value 0x6830E031
  Item #1, AP 0, Addr 0x0800846C, Value 0xDB0C2800
  Item #2, AP 0, Addr 0x08008470, Value 0xF04F896F
  Item #3, AP 0, Addr 0x08008474, Value 0xE0180800
  Item #4, AP 0, Addr 0x08008478, Value 0x52F4F2A4
  Item #5, AP 0, Addr 0x0800847C, Value 0xF7F84252
  Item #6, AP 0, Addr 0x08008480, Value 0x68F6FA01
  Item #7, AP 0, Addr 0x08008484, Value 0x28006830
  Item #8, AP 0, Addr 0x08008488, Value 0xF06FDA02
  Item #9, AP 0, Addr 0x0800848C, Value 0xE0250007
  Item #10, AP 0, Addr 0x08008490, Value 0xA008F8D6
  Item #11, AP 0, Addr 0x08008494, Value 0x0004EBA8
  Item #12, AP 0, Addr 0x08008498, Value 0x58F4F200
  Item #13, AP 0, Addr 0x0800849C, Value 0x0004EBAB
  Item #14, AP 0, Addr 0x080084A0, Value 0x57F4F2A9
22:19:00:218 (19/03/2018) - READ  MEM BLOCK Access, AP 0, Start Addr 0x080084A4, End Addr 0x080084DF, "SWD Read Memory Block - Success" - ID 174
  Item #0, AP 0, Addr 0x080084A4, Value 0x5BF4F200
  Item #1, AP 0, Addr 0x080084A8, Value 0xEB072400
  Item #2, AP 0, Addr 0x080084AC, Value 0xF2400904
  Item #3, AP 0, Addr 0x080084B0, Value 0x458951F4
  Item #4, AP 0, Addr 0x080084B4, Value 0xEB0A6869
  Item #5, AP 0, Addr 0x080084B8, Value 0x44410004
  Item #6, AP 0, Addr 0x080084BC, Value 0x463AD8DC
  Item #7, AP 0, Addr 0x080084C0, Value 0xF9E0F7F8
  Item #8, AP 0, Addr 0x080084C4, Value 0x0007EB0B
  Item #9, AP 0, Addr 0x080084C8, Value 0x443C682D
  Item #10, AP 0, Addr 0x080084CC, Value 0x2D004683
  Item #11, AP 0, Addr 0x080084D0, Value 0x4601D1CB
  Item #12, AP 0, Addr 0x080084D4, Value 0xF7F94808
  Item #13, AP 0, Addr 0x080084D8, Value 0x2000FBEF
  Item #14, AP 0, Addr 0x080084DC, Value 0x68094906
22:19:00:222 (19/03/2018) - READ  MEM BLOCK Access, AP 0, Start Addr 0x080084E0, End Addr 0x0800851B, "SWD Read Memory Block - Success" - ID 175
  Item #0, AP 0, Addr 0x080084E0, Value 0x5180F501
  Item #1, AP 0, Addr 0x080084E4, Value 0x0692694A
  Item #2, AP 0, Addr 0x080084E8, Value 0x2220D503
  Item #3, AP 0, Addr 0x080084EC, Value 0x2200614A
  Item #4, AP 0, Addr 0x080084F0, Value 0xE8BD604A
  Item #5, AP 0, Addr 0x080084F4, Value 0x00009FF0
  Item #6, AP 0, Addr 0x080084F8, Value 0x20003388
  Item #7, AP 0, Addr 0x080084FC, Value 0x4770BA00
  Item #8, AP 0, Addr 0x08008500, Value 0x4770BA40
  Item #9, AP 0, Addr 0x08008504, Value 0xF002B510
  Item #10, AP 0, Addr 0x08008508, Value 0xF002F9C1
  Item #11, AP 0, Addr 0x0800850C, Value 0xF000FA29
  Item #12, AP 0, Addr 0x08008510, Value 0xF000F977
  Item #13, AP 0, Addr 0x08008514, Value 0xF000FC41
  Item #14, AP 0, Addr 0x08008518, Value 0xF006FD33
22:19:00:226 (19/03/2018) - READ  MEM BLOCK Access, AP 0, Start Addr 0x0800851C, End Addr 0x08008557, "SWD Read Memory Block - Success" - ID 176
  Item #0, AP 0, Addr 0x0800851C, Value 0xF003F879
  Item #1, AP 0, Addr 0x08008520, Value 0xE8BDF82D
  Item #2, AP 0, Addr 0x08008524, Value 0xF0024010
  Item #3, AP 0, Addr 0x08008528, Value 0x0000BB55
  Item #4, AP 0, Addr 0x0800852C, Value 0xF7F9B09C
  Item #5, AP 0, Addr 0x08008530, Value 0xF7FAFD6B
  Item #6, AP 0, Addr 0x08008534, Value 0xF7FAFD75
  Item #7, AP 0, Addr 0x08008538, Value 0x494AFC7D
  Item #8, AP 0, Addr 0x0800853C, Value 0x60084848
  Item #9, AP 0, Addr 0x08008540, Value 0xF7F94608
  Item #10, AP 0, Addr 0x08008544, Value 0xB100F8B1
  Item #11, AP 0, Addr 0x08008548, Value 0xF7FAE7FE
  Item #12, AP 0, Addr 0x0800854C, Value 0x4847FCD5
  Item #13, AP 0, Addr 0x08008550, Value 0xF44F4945
  Item #14, AP 0, Addr 0x08008554, Value 0x24004696
22:19:00:400 (19/03/2018) - READ  MEM Access, AP 0, Addr 0xE000EDF0, Val 0x00030003, "SWD Read Memory (32 bit) - Success" - ID 177
22:19:00:659 (19/03/2018) - READ  MEM Access, AP 0, Addr 0xE000EDF0, Val 0x00030003, "SWD Read Memory (32 bit) - Success" - ID 178
22:19:00:909 (19/03/2018) - READ  MEM Access, AP 0, Addr 0xE000EDF0, Val 0x00030003, "SWD Read Memory (32 bit) - Success" - ID 179
22:19:01:166 (19/03/2018) - READ  MEM Access, AP 0, Addr 0xE000EDF0, Val 0x00030003, "SWD Read Memory (32 bit) - Success" - ID 180
22:19:01:418 (19/03/2018) - READ  MEM Access, AP 0, Addr 0xE000EDF0, Val 0x00030003, "SWD Read Memory (32 bit) - Success" - ID 181
22:19:01:668 (19/03/2018) - READ  MEM Access, AP 0, Addr 0xE000EDF0, Val 0x00030003, "SWD Read Memory (32 bit) - Success" - ID 182
22:19:01:918 (19/03/2018) - READ  MEM Access, AP 0, Addr 0xE000EDF0, Val 0x00030003, "SWD Read Memory (32 bit) - Success" - ID 183
22:19:02:178 (19/03/2018) - READ  MEM Access, AP 0, Addr 0xE000EDF0, Val 0x00030003, "SWD Read Memory (32 bit) - Success" - ID 184
22:19:02:430 (19/03/2018) - READ  MEM Access, AP 0, Addr 0xE000EDF0, Val 0x00030003, "SWD Read Memory (32 bit) - Success" - ID 185
22:19:02:546 (19/03/2018) - START SEQUENCE "ResetCatchSet", "default" - ID 56
22:19:02:548 (19/03/2018) - WRITE MEM Access, AP 0, Addr 0xE000EDFC, Val 0x00000001, "SWD Write Memory (32 bit) - Success" - ID 186
22:19:02:550 (19/03/2018) - READ  MEM Access, AP 0, Addr 0xE000EDF0, Val 0x00030003, "SWD Read Memory (32 bit) - Success" - ID 187
22:19:02:550 (19/03/2018) - END SEQUENCE "ResetCatchSet", "success" - ID 57
22:19:02:550 (19/03/2018) - START SEQUENCE "ResetSystem", "default" - ID 58
22:19:02:552 (19/03/2018) - WRITE MEM Access, AP 0, Addr 0xE000ED0C, Val 0x05FA0004, "SWD Write Memory (32 bit) - Success" - ID 188
22:19:02:552 (19/03/2018) - START SEQUENCE "_ResetRecovery", "default" - ID 59
22:19:02:554 (19/03/2018) - READ  MEM Access, AP 0, Addr 0xE000EDF0, Val 0x02030003, "SWD Read Memory (32 bit) - Success" - ID 189
22:19:02:555 (19/03/2018) - READ  MEM Access, AP 0, Addr 0xE000EDF0, Val 0x00030003, "SWD Read Memory (32 bit) - Success" - ID 190
  22:19:02:565 (19/03/2018) - END SEQUENCE "_ResetRecovery", "success" - ID 60
  22:19:02:565 (19/03/2018) - END SEQUENCE "ResetSystem", "success" - ID 61
22:19:02:565 (19/03/2018) - READ  MEM Access, AP 0, Addr 0xE000EDF0, Val 0x00030003, "SWD Read Memory (32 bit) - Success" - ID 191
22:19:02:742 (19/03/2018) - READ  MEM Access, AP 0, Addr 0xE000EDF0, Val 0x00030003, "SWD Read Memory (32 bit) - Success" - ID 192
22:19:02:742 (19/03/2018) - START SEQUENCE "_WaitForStop", "default" - ID 62
22:19:02:742 (19/03/2018) - READ  MEM Access, AP 0, Addr 0xE000EDF0, Val 0x00030003, "SWD Read Memory (32 bit) - Success" - ID 193
  22:19:02:742 (19/03/2018) - END SEQUENCE "_WaitForStop", "success" - ID 63
  22:19:02:742 (19/03/2018) - START SEQUENCE "ResetCatchClear", "default" - ID 64
22:19:02:752 (19/03/2018) - READ  MEM Access, AP 0, Addr 0xE000EDFC, Val 0x00000001, "SWD Read Memory (32 bit) - Success" - ID 194
22:19:02:752 (19/03/2018) - WRITE MEM Access, AP 0, Addr 0xE000EDFC, Val 0x00000000, "SWD Write Memory (32 bit) - Success" - ID 195
22:19:02:752 (19/03/2018) - END SEQUENCE "ResetCatchClear", "success" - ID 65
22:19:02:752 (19/03/2018) - WRITE MEM Access, AP 0, Addr 0xE000EDFC, Val 0x01000000, "SWD Write Memory (32 bit) - Success" - ID 196
22:19:02:752 (19/03/2018) - START SEQUENCE "TraceStart", "calling sequence" - ID 66
22:19:02:762 (19/03/2018) - READ  MEM BLOCK Access, AP 0, Start Addr 0xE0042004, End Addr 0xE0042007, "SWD Read Memory Block (32-bit accesses) - Success" - ID 197
  Item #0, AP 0, Addr 0xE0042004, Value 0x00000027
22:19:02:762 (19/03/2018) - READ  MEM BLOCK Access, AP 0, Start Addr 0x40023830, End Addr 0x40023833, "SWD Read Memory Block (32-bit accesses) - Success" - ID 198
  Item #0, AP 0, Addr 0x40023830, Value 0x00100000
22:19:02:762 (19/03/2018) - WRITE MEM BLOCK Access, AP 0, Start Addr 0x40023830, End Addr 0x40023833, "SWD Write Memory Block (32-bit accesses) - Success" - ID 199
  Item #0, AP 0, Addr 0x40023830, Value 0x00100002
22:19:02:772 (19/03/2018) - READ  MEM BLOCK Access, AP 0, Start Addr 0x40020400, End Addr 0x40020403, "SWD Read Memory Block (32-bit accesses) - Success" - ID 200
  Item #0, AP 0, Addr 0x40020400, Value 0x00000280
22:19:02:772 (19/03/2018) - WRITE MEM BLOCK Access, AP 0, Start Addr 0x40020400, End Addr 0x40020403, "SWD Write Memory Block (32-bit accesses) - Success" - ID 201
  Item #0, AP 0, Addr 0x40020400, Value 0x00000280
22:19:02:782 (19/03/2018) - READ  MEM BLOCK Access, AP 0, Start Addr 0x40020408, End Addr 0x4002040B, "SWD Read Memory Block (32-bit accesses) - Success" - ID 202
  Item #0, AP 0, Addr 0x40020408, Value 0x000000C0
22:19:02:782 (19/03/2018) - WRITE MEM BLOCK Access, AP 0, Start Addr 0x40020408, End Addr 0x4002040B, "SWD Write Memory Block (32-bit accesses) - Success" - ID 203
  Item #0, AP 0, Addr 0x40020408, Value 0x000000C0
22:19:02:782 (19/03/2018) - READ  MEM BLOCK Access, AP 0, Start Addr 0x4002040C, End Addr 0x4002040F, "SWD Read Memory Block (32-bit accesses) - Success" - ID 204
  Item #0, AP 0, Addr 0x4002040C, Value 0x00000100
22:19:02:792 (19/03/2018) - WRITE MEM BLOCK Access, AP 0, Start Addr 0x4002040C, End Addr 0x4002040F, "SWD Write Memory Block (32-bit accesses) - Success" - ID 205
  Item #0, AP 0, Addr 0x4002040C, Value 0x00000100
22:19:02:792 (19/03/2018) - READ  MEM BLOCK Access, AP 0, Start Addr 0x40020420, End Addr 0x40020423, "SWD Read Memory Block (32-bit accesses) - Success" - ID 206
  Item #0, AP 0, Addr 0x40020420, Value 0x00000000
22:19:02:802 (19/03/2018) - WRITE MEM BLOCK Access, AP 0, Start Addr 0x40020420, End Addr 0x40020423, "SWD Write Memory Block (32-bit accesses) - Success" - ID 207
  Item #0, AP 0, Addr 0x40020420, Value 0x00000000
22:19:02:802 (19/03/2018) - WRITE MEM BLOCK Access, AP 0, Start Addr 0xE0042004, End Addr 0xE0042007, "SWD Write Memory Block (32-bit accesses) - Success" - ID 208
  Item #0, AP 0, Addr 0xE0042004, Value 0x00000027
22:19:02:832 (19/03/2018) - READ  MEM Access, AP 0, Addr 0xE0001004, Val 0x00006C60, "SWD Read Memory (32 bit) - Success" - ID 209
22:19:02:912 (19/03/2018) - WRITE MEM Access, AP 0, Addr 0xE0001008, Val 0x00000000, "SWD Write Memory (32 bit) - Success" - ID 210
22:19:02:922 (19/03/2018) - WRITE MEM Access, AP 0, Addr 0xE000100C, Val 0x00000000, "SWD Write Memory (32 bit) - Success" - ID 211
22:19:02:922 (19/03/2018) - WRITE MEM Access, AP 0, Addr 0xE0001010, Val 0x00000000, "SWD Write Memory (32 bit) - Success" - ID 212
22:19:02:922 (19/03/2018) - WRITE MEM Access, AP 0, Addr 0xE0001014, Val 0x00000000, "SWD Write Memory (32 bit) - Success" - ID 213
22:19:02:922 (19/03/2018) - WRITE MEM Access, AP 0, Addr 0xE0001018, Val 0x00000000, "SWD Write Memory (32 bit) - Success" - ID 214
22:19:03:006 (19/03/2018) - READ  MEM Access, AP 0, Addr 0xE000EDF0, Val 0x00030003, "SWD Read Memory (32 bit) - Success" - ID 215
22:19:03:256 (19/03/2018) - READ  MEM Access, AP 0, Addr 0xE000EDF0, Val 0x00030003, "SWD Read Memory (32 bit) - Success" - ID 216
22:19:03:276 (19/03/2018) - READ  MEM BLOCK Access, AP 0, Start Addr 0x08000374, End Addr 0x08000375, "SWD Read Memory Block - Success" - ID 217
  Item #0, AP 0, Addr 0x08000374, Value 0x4809
22:19:03:276 (19/03/2018) - WRITE MEM BLOCK Access, AP 0, Start Addr 0xE0002000, End Addr 0xE000201F, "SWD Write Memory Block - Success" - ID 218
  Item #0, AP 0, Addr 0xE0002000, Value 0x00000003
  Item #1, AP 0, Addr 0xE0002004, Value 0x00000000
  Item #2, AP 0, Addr 0xE0002008, Value 0x00000000
  Item #3, AP 0, Addr 0xE000200C, Value 0x00000000
  Item #4, AP 0, Addr 0xE0002010, Value 0x00000000
  Item #5, AP 0, Addr 0xE0002014, Value 0x00000000
  Item #6, AP 0, Addr 0xE0002018, Value 0x00000000
  Item #7, AP 0, Addr 0xE000201C, Value 0x00000000
22:19:03:286 (19/03/2018) - WRITE MEM BLOCK Access, AP 0, Start Addr 0xE0001020, End Addr 0xE000105F, "SWD Write Memory Block - Success" - ID 219
  Item #0, AP 0, Addr 0xE0001020, Value 0x00000000
  Item #1, AP 0, Addr 0xE0001024, Value 0x00000000
  Item #2, AP 0, Addr 0xE0001028, Value 0x00000000
  Item #3, AP 0, Addr 0xE000102C, Value 0x00000000
  Item #4, AP 0, Addr 0xE0001030, Value 0x00000000
  Item #5, AP 0, Addr 0xE0001034, Value 0x00000000
  Item #6, AP 0, Addr 0xE0001038, Value 0x00000200
  Item #7, AP 0, Addr 0xE000103C, Value 0x00000000
  Item #8, AP 0, Addr 0xE0001040, Value 0x00000000
  Item #9, AP 0, Addr 0xE0001044, Value 0x00000000
  Item #10, AP 0, Addr 0xE0001048, Value 0x00000000
  Item #11, AP 0, Addr 0xE000104C, Value 0x00000000
  Item #12, AP 0, Addr 0xE0001050, Value 0x00000000
  Item #13, AP 0, Addr 0xE0001054, Value 0x00000000
  Item #14, AP 0, Addr 0xE0001058, Value 0x00000000
  Item #15, AP 0, Addr 0xE000105C, Value 0x00000000
22:19:03:286 (19/03/2018) - WRITE MEM Access, AP 0, Addr 0xE000ED30, Val 0x0000001F, "SWD Write Memory (32 bit) - Success" - ID 220
22:19:03:286 (19/03/2018) - READ  MEM Access, AP 0, Addr 0xE0001004, Val 0x00006C60, "SWD Read Memory (32 bit) - Success" - ID 221
22:19:03:286 (19/03/2018) - WRITE MEM Access, AP 0, Addr 0xE0001004, Val 0x00006FFF, "SWD Write Memory (32 bit) - Success" - ID 222
22:19:03:296 (19/03/2018) - WRITE MEM Access, AP 0, Addr 0xE0001000, Val 0x0041061F, "SWD Write Memory (32 bit) - Success" - ID 223
22:19:03:296 (19/03/2018) - WRITE MEM Access, AP 0, Addr 0xE0000E80, Val 0x0001000F, "SWD Write Memory (32 bit) - Success" - ID 224
22:19:03:296 (19/03/2018) - WRITE MEM Access, AP 0, Addr 0xE000EDF0, Val 0xA05F0001, "SWD Write Memory (32 bit) - Success" - ID 225
22:19:03:296 (19/03/2018) - READ  MEM Access, AP 0, Addr 0xE000EDF0, Val 0x01010001, "SWD Read Memory (32 bit) - Success" - ID 226
22:19:03:306 (19/03/2018) - WRITE MEM Access, AP 0, Addr 0xE0001000, Val 0x0001061F, "SWD Write Memory (32 bit) - Success" - ID 227
22:19:03:349 (19/03/2018) - READ  MEM Access, AP 0, Addr 0xE000EDF0, Val 0x01010001, "SWD Read Memory (32 bit) - Success" - ID 228
22:19:03:467 (19/03/2018) - READ  MEM Access, AP 0, Addr 0xE000EDF0, Val 0x01010001, "SWD Read Memory (32 bit) - Success" - ID 229
22:19:03:577 (19/03/2018) - READ  MEM Access, AP 0, Addr 0xE000EDF0, Val 0x01010001, "SWD Read Memory (32 bit) - Success" - ID 230
22:19:03:687 (19/03/2018) - READ  MEM Access, AP 0, Addr 0xE000EDF0, Val 0x01010001, "SWD Read Memory (32 bit) - Success" - ID 231
22:19:03:787 (19/03/2018) - READ  MEM Access, AP 0, Addr 0xE000EDF0, Val 0x01010001, "SWD Read Memory (32 bit) - Success" - ID 232
22:19:03:897 (19/03/2018) - READ  MEM Access, AP 0, Addr 0xE000EDF0, Val 0x01010001, "SWD Read Memory (32 bit) - Success" - ID 233
22:19:03:897 (19/03/2018) - READ  MEM Access, AP 0, Addr 0xE0001004, Val 0x05FACCA0, "SWD Read Memory (32 bit) - Success" - ID 234
22:19:04:016 (19/03/2018) - READ  MEM Access, AP 0, Addr 0xE000EDF0, Val 0x01010001, "SWD Read Memory (32 bit) - Success" - ID 235
22:19:04:126 (19/03/2018) - READ  MEM Access, AP 0, Addr 0xE000EDF0, Val 0x01010001, "SWD Read Memory (32 bit) - Success" - ID 236
22:19:04:229 (19/03/2018) - READ  MEM Access, AP 0, Addr 0xE000EDF0, Val 0x01010001, "SWD Read Memory (32 bit) - Success" - ID 237
22:19:04:341 (19/03/2018) - READ  MEM Access, AP 0, Addr 0xE000EDF0, Val 0x01010001, "SWD Read Memory (32 bit) - Success" - ID 238
22:19:04:451 (19/03/2018) - READ  MEM Access, AP 0, Addr 0xE000EDF0, Val 0x01010001, "SWD Read Memory (32 bit) - Success" - ID 239
22:19:04:451 (19/03/2018) - READ  MEM Access, AP 0, Addr 0xE0001004, Val 0x0B870B01, "SWD Read Memory (32 bit) - Success" - ID 240
22:19:04:561 (19/03/2018) - READ  MEM Access, AP 0, Addr 0xE000EDF0, Val 0x01010001, "SWD Read Memory (32 bit) - Success" - ID 241
22:19:04:671 (19/03/2018) - READ  MEM Access, AP 0, Addr 0xE000EDF0, Val 0x01010001, "SWD Read Memory (32 bit) - Success" - ID 242
22:19:04:781 (19/03/2018) - READ  MEM Access, AP 0, Addr 0xE000EDF0, Val 0x01010001, "SWD Read Memory (32 bit) - Success" - ID 243
22:19:04:881 (19/03/2018) - READ  MEM Access, AP 0, Addr 0xE000EDF0, Val 0x01010001, "SWD Read Memory (32 bit) - Success" - ID 244
22:19:04:994 (19/03/2018) - READ  MEM Access, AP 0, Addr 0xE000EDF0, Val 0x01010001, "SWD Read Memory (32 bit) - Success" - ID 245
22:19:04:996 (19/03/2018) - READ  MEM Access, AP 0, Addr 0xE0001004, Val 0x10F1F4D2, "SWD Read Memory (32 bit) - Success" - ID 246
22:19:05:116 (19/03/2018) - READ  MEM Access, AP 0, Addr 0xE000EDF0, Val 0x01010001, "SWD Read Memory (32 bit) - Success" - ID 247
22:19:05:226 (19/03/2018) - READ  MEM Access, AP 0, Addr 0xE000EDF0, Val 0x01010001, "SWD Read Memory (32 bit) - Success" - ID 248
22:19:05:337 (19/03/2018) - READ  MEM Access, AP 0, Addr 0xE000EDF0, Val 0x01010001, "SWD Read Memory (32 bit) - Success" - ID 249
22:19:05:448 (19/03/2018) - READ  MEM Access, AP 0, Addr 0xE000EDF0, Val 0x01010001, "SWD Read Memory (32 bit) - Success" - ID 250
22:19:05:558 (19/03/2018) - READ  MEM Access, AP 0, Addr 0xE000EDF0, Val 0x01010001, "SWD Read Memory (32 bit) - Success" - ID 251
22:19:05:558 (19/03/2018) - READ  MEM Access, AP 0, Addr 0xE0001004, Val 0x169A5027, "SWD Read Memory (32 bit) - Success" - ID 252
22:19:05:668 (19/03/2018) - READ  MEM Access, AP 0, Addr 0xE000EDF0, Val 0x01010001, "SWD Read Memory (32 bit) - Success" - ID 253
22:19:05:778 (19/03/2018) - READ  MEM Access, AP 0, Addr 0xE000EDF0, Val 0x01010001, "SWD Read Memory (32 bit) - Success" - ID 254
22:19:05:888 (19/03/2018) - READ  MEM Access, AP 0, Addr 0xE000EDF0, Val 0x01010001, "SWD Read Memory (32 bit) - Success" - ID 255
22:19:06:006 (19/03/2018) - READ  MEM Access, AP 0, Addr 0xE000EDF0, Val 0x01010001, "SWD Read Memory (32 bit) - Success" - ID 256
22:19:06:116 (19/03/2018) - READ  MEM Access, AP 0, Addr 0xE000EDF0, Val 0x01010001, "SWD Read Memory (32 bit) - Success" - ID 257
22:19:06:116 (19/03/2018) - READ  MEM Access, AP 0, Addr 0xE0001004, Val 0x1C334A43, "SWD Read Memory (32 bit) - Success" - ID 258
22:19:06:229 (19/03/2018) - READ  MEM Access, AP 0, Addr 0xE000EDF0, Val 0x01010001, "SWD Read Memory (32 bit) - Success" - ID 259
22:19:06:340 (19/03/2018) - READ  MEM Access, AP 0, Addr 0xE000EDF0, Val 0x01010001, "SWD Read Memory (32 bit) - Success" - ID 260
22:19:06:450 (19/03/2018) - READ  MEM Access, AP 0, Addr 0xE000EDF0, Val 0x01010001, "SWD Read Memory (32 bit) - Success" - ID 261
22:19:06:564 (19/03/2018) - READ  MEM Access, AP 0, Addr 0xE000EDF0, Val 0x01010001, "SWD Read Memory (32 bit) - Success" - ID 262
22:19:06:674 (19/03/2018) - READ  MEM Access, AP 0, Addr 0xE000EDF0, Val 0x01010001, "SWD Read Memory (32 bit) - Success" - ID 263
22:19:06:674 (19/03/2018) - READ  MEM Access, AP 0, Addr 0xE0001004, Val 0x21C7239B, "SWD Read Memory (32 bit) - Success" - ID 264
22:19:06:774 (19/03/2018) - WRITE MEM Access, AP 0, Addr 0xE000EDF0, Val 0xA05F0003, "SWD Write Memory (32 bit) - Success" - ID 265
22:19:06:835 (19/03/2018) - READ  MEM Access, AP 0, Addr 0xE000EDF0, Val 0x01030003, "SWD Read Memory (32 bit) - Success" - ID 266
22:19:06:835 (19/03/2018) - READ  MEM Access, AP 0, Addr 0xE000EDF0, Val 0x00030003, "SWD Read Memory (32 bit) - Success" - ID 267
22:19:06:885 (19/03/2018) - READ  MEM Access, AP 0, Addr 0xE000EDF0, Val 0x00030003, "SWD Read Memory (32 bit) - Success" - ID 268
22:19:06:905 (19/03/2018) - WRITE MEM BLOCK Access, AP 0, Start Addr 0xE0002000, End Addr 0xE000201F, "SWD Write Memory Block - Success" - ID 269
  Item #0, AP 0, Addr 0xE0002000, Value 0x00000002
  Item #1, AP 0, Addr 0xE0002004, Value 0x00000000
  Item #2, AP 0, Addr 0xE0002008, Value 0x00000000
  Item #3, AP 0, Addr 0xE000200C, Value 0x00000000
  Item #4, AP 0, Addr 0xE0002010, Value 0x00000000
  Item #5, AP 0, Addr 0xE0002014, Value 0x00000000
  Item #6, AP 0, Addr 0xE0002018, Value 0x00000000
  Item #7, AP 0, Addr 0xE000201C, Value 0x00000000
22:19:06:905 (19/03/2018) - WRITE MEM BLOCK Access, AP 0, Start Addr 0xE0001020, End Addr 0xE000105F, "SWD Write Memory Block - Success" - ID 270
  Item #0, AP 0, Addr 0xE0001020, Value 0x00000000
  Item #1, AP 0, Addr 0xE0001024, Value 0x00000000
  Item #2, AP 0, Addr 0xE0001028, Value 0x00000000
  Item #3, AP 0, Addr 0xE000102C, Value 0x00000000
  Item #4, AP 0, Addr 0xE0001030, Value 0x00000000
  Item #5, AP 0, Addr 0xE0001034, Value 0x00000000
  Item #6, AP 0, Addr 0xE0001038, Value 0x00000200
  Item #7, AP 0, Addr 0xE000103C, Value 0x00000000
  Item #8, AP 0, Addr 0xE0001040, Value 0x00000000
  Item #9, AP 0, Addr 0xE0001044, Value 0x00000000
  Item #10, AP 0, Addr 0xE0001048, Value 0x00000000
  Item #11, AP 0, Addr 0xE000104C, Value 0x00000000
  Item #12, AP 0, Addr 0xE0001050, Value 0x00000000
  Item #13, AP 0, Addr 0xE0001054, Value 0x00000000
  Item #14, AP 0, Addr 0xE0001058, Value 0x00000000
  Item #15, AP 0, Addr 0xE000105C, Value 0x00000000
22:19:06:905 (19/03/2018) - READ  MEM Access, AP 0, Addr 0xE000ED30, Val 0x00000001, "SWD Read Memory (32 bit) - Success" - ID 271
22:19:06:915 (19/03/2018) - READ  MEM Access, AP 0, Addr 0xE0001028, Val 0x00000000, "SWD Read Memory (32 bit) - Success" - ID 272
22:19:06:915 (19/03/2018) - READ  MEM Access, AP 0, Addr 0xE0001038, Val 0x00000200, "SWD Read Memory (32 bit) - Success" - ID 273
22:19:06:915 (19/03/2018) - READ  MEM Access, AP 0, Addr 0xE0001048, Val 0x00000000, "SWD Read Memory (32 bit) - Success" - ID 274
22:19:06:915 (19/03/2018) - READ  MEM Access, AP 0, Addr 0xE0001058, Val 0x00000000, "SWD Read Memory (32 bit) - Success" - ID 275
22:19:06:955 (19/03/2018) - READ  MEM BLOCK Access, AP 0, Start Addr 0x2000511C, End Addr 0x2000511F, "SWD Read Memory Block - Success" - ID 276
  Item #0, AP 0, Addr 0x2000511C, Value 0x0800A591
22:19:06:965 (19/03/2018) - READ  MEM BLOCK Access, AP 0, Start Addr 0x20005110, End Addr 0x20005113, "SWD Read Memory Block - Success" - ID 277
  Item #0, AP 0, Addr 0x20005110, Value 0x200033D0
22:19:06:965 (19/03/2018) - READ  MEM BLOCK Access, AP 0, Start Addr 0x20005114, End Addr 0x20005117, "SWD Read Memory Block - Success" - ID 278
  Item #0, AP 0, Addr 0x20005114, Value 0xE000ED04
22:19:06:965 (19/03/2018) - READ  MEM BLOCK Access, AP 0, Start Addr 0x20005118, End Addr 0x2000511B, "SWD Read Memory Block - Success" - ID 279
  Item #0, AP 0, Addr 0x20005118, Value 0x10000000
22:19:06:975 (19/03/2018) - READ  MEM BLOCK Access, AP 0, Start Addr 0x00000000, End Addr 0x00000003, "SWD Read Memory Block - Success" - ID 280
  Item #0, AP 0, Addr 0x00000000, Value 0x2000B520
22:19:06:975 (19/03/2018) - READ  MEM Access, AP 0, Addr 0xE0001004, Val 0x22C78140, "SWD Read Memory (32 bit) - Success" - ID 281
22:19:06:996 (19/03/2018) - READ  MEM BLOCK Access, AP 0, Start Addr 0x0800A440, End Addr 0x0800A47B, "SWD Read Memory Block - Success" - ID 282
  Item #0, AP 0, Addr 0x0800A440, Value 0x4E11B570
  Item #1, AP 0, Addr 0x0800A444, Value 0xE0174C11
  Item #2, AP 0, Addr 0x0800A448, Value 0xFC82F004
  Item #3, AP 0, Addr 0x0800A44C, Value 0xB1B86830
  Item #4, AP 0, Addr 0x0800A450, Value 0xF97CF005
  Item #5, AP 0, Addr 0x0800A454, Value 0xFB14F004
  Item #6, AP 0, Addr 0x0800A458, Value 0x68C568F0
  Item #7, AP 0, Addr 0x0800A45C, Value 0xF0041D28
  Item #8, AP 0, Addr 0x0800A460, Value 0x68A0FACB
  Item #9, AP 0, Addr 0x0800A464, Value 0x60A01E40
  Item #10, AP 0, Addr 0x0800A468, Value 0x1E406860
  Item #11, AP 0, Addr 0x0800A46C, Value 0xF0046060
  Item #12, AP 0, Addr 0x0800A470, Value 0x4628FB27
  Item #13, AP 0, Addr 0x0800A474, Value 0xF855F000
  Item #14, AP 0, Addr 0x0800A478, Value 0x28006860
22:19:07:189 (19/03/2018) - READ  MEM Access, AP 0, Addr 0xE000EDF0, Val 0x00030003, "SWD Read Memory (32 bit) - Success" - ID 283
22:19:07:440 (19/03/2018) - READ  MEM Access, AP 0, Addr 0xE000EDF0, Val 0x00030003, "SWD Read Memory (32 bit) - Success" - ID 284
22:19:07:697 (19/03/2018) - READ  MEM Access, AP 0, Addr 0xE000EDF0, Val 0x00030003, "SWD Read Memory (32 bit) - Success" - ID 285
22:19:07:947 (19/03/2018) - READ  MEM Access, AP 0, Addr 0xE000EDF0, Val 0x00030003, "SWD Read Memory (32 bit) - Success" - ID 286
22:19:08:200 (19/03/2018) - READ  MEM Access, AP 0, Addr 0xE000EDF0, Val 0x00030003, "SWD Read Memory (32 bit) - Success" - ID 287
22:19:08:450 (19/03/2018) - READ  MEM Access, AP 0, Addr 0xE000EDF0, Val 0x00030003, "SWD Read Memory (32 bit) - Success" - ID 288
22:19:08:706 (19/03/2018) - READ  MEM Access, AP 0, Addr 0xE000EDF0, Val 0x00030003, "SWD Read Memory (32 bit) - Success" - ID 289
22:19:08:956 (19/03/2018) - READ  MEM Access, AP 0, Addr 0xE000EDF0, Val 0x00030003, "SWD Read Memory (32 bit) - Success" - ID 290
22:19:09:207 (19/03/2018) - READ  MEM Access, AP 0, Addr 0xE000EDF0, Val 0x00030003, "SWD Read Memory (32 bit) - Success" - ID 291
22:19:09:458 (19/03/2018) - READ  MEM Access, AP 0, Addr 0xE000EDF0, Val 0x00030003, "SWD Read Memory (32 bit) - Success" - ID 292
22:19:09:708 (19/03/2018) - READ  MEM Access, AP 0, Addr 0xE000EDF0, Val 0x00030003, "SWD Read Memory (32 bit) - Success" - ID 293
22:19:09:958 (19/03/2018) - READ  MEM Access, AP 0, Addr 0xE000EDF0, Val 0x00030003, "SWD Read Memory (32 bit) - Success" - ID 294
22:19:10:210 (19/03/2018) - READ  MEM Access, AP 0, Addr 0xE000EDF0, Val 0x00030003, "SWD Read Memory (32 bit) - Success" - ID 295
22:19:10:462 (19/03/2018) - READ  MEM Access, AP 0, Addr 0xE000EDF0, Val 0x00030003, "SWD Read Memory (32 bit) - Success" - ID 296
22:19:10:715 (19/03/2018) - READ  MEM Access, AP 0, Addr 0xE000EDF0, Val 0x00030003, "SWD Read Memory (32 bit) - Success" - ID 297
22:19:10:965 (19/03/2018) - READ  MEM Access, AP 0, Addr 0xE000EDF0, Val 0x00030003, "SWD Read Memory (32 bit) - Success" - ID 298
22:19:11:217 (19/03/2018) - READ  MEM Access, AP 0, Addr 0xE000EDF0, Val 0x00030003, "SWD Read Memory (32 bit) - Success" - ID 299
22:19:11:477 (19/03/2018) - READ  MEM Access, AP 0, Addr 0xE000EDF0, Val 0x00030003, "SWD Read Memory (32 bit) - Success" - ID 300
22:19:11:727 (19/03/2018) - READ  MEM Access, AP 0, Addr 0xE000EDF0, Val 0x00030003, "SWD Read Memory (32 bit) - Success" - ID 301
22:19:11:977 (19/03/2018) - READ  MEM Access, AP 0, Addr 0xE000EDF0, Val 0x00030003, "SWD Read Memory (32 bit) - Success" - ID 302
22:19:12:228 (19/03/2018) - READ  MEM Access, AP 0, Addr 0xE000EDF0, Val 0x00030003, "SWD Read Memory (32 bit) - Success" - ID 303
22:19:12:481 (19/03/2018) - READ  MEM Access, AP 0, Addr 0xE000EDF0, Val 0x00030003, "SWD Read Memory (32 bit) - Success" - ID 304
22:19:12:734 (19/03/2018) - READ  MEM Access, AP 0, Addr 0xE000EDF0, Val 0x00030003, "SWD Read Memory (32 bit) - Success" - ID 305
22:19:12:985 (19/03/2018) - READ  MEM Access, AP 0, Addr 0xE000EDF0, Val 0x00030003, "SWD Read Memory (32 bit) - Success" - ID 306
22:19:13:243 (19/03/2018) - READ  MEM Access, AP 0, Addr 0xE000EDF0, Val 0x00030003, "SWD Read Memory (32 bit) - Success" - ID 307
22:19:13:503 (19/03/2018) - READ  MEM Access, AP 0, Addr 0xE000EDF0, Val 0x00030003, "SWD Read Memory (32 bit) - Success" - ID 308
22:19:13:754 (19/03/2018) - READ  MEM Access, AP 0, Addr 0xE000EDF0, Val 0x00030003, "SWD Read Memory (32 bit) - Success" - ID 309
22:19:14:007 (19/03/2018) - READ  MEM Access, AP 0, Addr 0xE000EDF0, Val 0x00030003, "SWD Read Memory (32 bit) - Success" - ID 310
22:19:14:259 (19/03/2018) - READ  MEM Access, AP 0, Addr 0xE000EDF0, Val 0x00030003, "SWD Read Memory (32 bit) - Success" - ID 311
22:19:14:511 (19/03/2018) - READ  MEM Access, AP 0, Addr 0xE000EDF0, Val 0x00030003, "SWD Read Memory (32 bit) - Success" - ID 312
22:19:14:762 (19/03/2018) - READ  MEM Access, AP 0, Addr 0xE000EDF0, Val 0x00030003, "SWD Read Memory (32 bit) - Success" - ID 313
22:19:15:016 (19/03/2018) - READ  MEM Access, AP 0, Addr 0xE000EDF0, Val 0x00030003, "SWD Read Memory (32 bit) - Success" - ID 314
22:19:15:268 (19/03/2018) - READ  MEM Access, AP 0, Addr 0xE000EDF0, Val 0x00030003, "SWD Read Memory (32 bit) - Success" - ID 315
22:19:15:522 (19/03/2018) - READ  MEM Access, AP 0, Addr 0xE000EDF0, Val 0x00030003, "SWD Read Memory (32 bit) - Success" - ID 316
22:19:15:775 (19/03/2018) - READ  MEM Access, AP 0, Addr 0xE000EDF0, Val 0x00030003, "SWD Read Memory (32 bit) - Success" - ID 317
22:19:16:027 (19/03/2018) - READ  MEM Access, AP 0, Addr 0xE000EDF0, Val 0x00030003, "SWD Read Memory (32 bit) - Success" - ID 318
22:19:16:279 (19/03/2018) - READ  MEM Access, AP 0, Addr 0xE000EDF0, Val 0x00030003, "SWD Read Memory (32 bit) - Success" - ID 319
22:19:16:530 (19/03/2018) - READ  MEM Access, AP 0, Addr 0xE000EDF0, Val 0x00030003, "SWD Read Memory (32 bit) - Success" - ID 320
22:19:16:782 (19/03/2018) - READ  MEM Access, AP 0, Addr 0xE000EDF0, Val 0x00030003, "SWD Read Memory (32 bit) - Success" - ID 321
22:19:17:033 (19/03/2018) - READ  MEM Access, AP 0, Addr 0xE000EDF0, Val 0x00030003, "SWD Read Memory (32 bit) - Success" - ID 322
22:19:17:285 (19/03/2018) - READ  MEM Access, AP 0, Addr 0xE000EDF0, Val 0x00030003, "SWD Read Memory (32 bit) - Success" - ID 323
22:19:17:545 (19/03/2018) - READ  MEM Access, AP 0, Addr 0xE000EDF0, Val 0x00030003, "SWD Read Memory (32 bit) - Success" - ID 324
22:19:17:796 (19/03/2018) - READ  MEM Access, AP 0, Addr 0xE000EDF0, Val 0x00030003, "SWD Read Memory (32 bit) - Success" - ID 325
22:19:18:050 (19/03/2018) - READ  MEM Access, AP 0, Addr 0xE000EDF0, Val 0x00030003, "SWD Read Memory (32 bit) - Success" - ID 326
22:19:18:302 (19/03/2018) - READ  MEM Access, AP 0, Addr 0xE000EDF0, Val 0x00030003, "SWD Read Memory (32 bit) - Success" - ID 327
22:19:18:555 (19/03/2018) - READ  MEM Access, AP 0, Addr 0xE000EDF0, Val 0x00030003, "SWD Read Memory (32 bit) - Success" - ID 328
22:19:18:812 (19/03/2018) - READ  MEM Access, AP 0, Addr 0xE000EDF0, Val 0x00030003, "SWD Read Memory (32 bit) - Success" - ID 329
22:19:19:066 (19/03/2018) - READ  MEM Access, AP 0, Addr 0xE000EDF0, Val 0x00030003, "SWD Read Memory (32 bit) - Success" - ID 330
22:19:19:317 (19/03/2018) - READ  MEM Access, AP 0, Addr 0xE000EDF0, Val 0x00030003, "SWD Read Memory (32 bit) - Success" - ID 331
22:19:19:569 (19/03/2018) - READ  MEM Access, AP 0, Addr 0xE000EDF0, Val 0x00030003, "SWD Read Memory (32 bit) - Success" - ID 332
22:19:19:820 (19/03/2018) - READ  MEM Access, AP 0, Addr 0xE000EDF0, Val 0x00030003, "SWD Read Memory (32 bit) - Success" - ID 333
22:19:20:071 (19/03/2018) - READ  MEM Access, AP 0, Addr 0xE000EDF0, Val 0x00030003, "SWD Read Memory (32 bit) - Success" - ID 334
22:19:20:323 (19/03/2018) - READ  MEM Access, AP 0, Addr 0xE000EDF0, Val 0x00030003, "SWD Read Memory (32 bit) - Success" - ID 335
22:19:20:575 (19/03/2018) - READ  MEM Access, AP 0, Addr 0xE000EDF0, Val 0x00030003, "SWD Read Memory (32 bit) - Success" - ID 336
22:19:20:827 (19/03/2018) - READ  MEM Access, AP 0, Addr 0xE000EDF0, Val 0x00030003, "SWD Read Memory (32 bit) - Success" - ID 337
22:19:21:078 (19/03/2018) - READ  MEM Access, AP 0, Addr 0xE000EDF0, Val 0x00030003, "SWD Read Memory (32 bit) - Success" - ID 338
22:19:21:331 (19/03/2018) - READ  MEM Access, AP 0, Addr 0xE000EDF0, Val 0x00030003, "SWD Read Memory (32 bit) - Success" - ID 339
22:19:21:583 (19/03/2018) - READ  MEM Access, AP 0, Addr 0xE000EDF0, Val 0x00030003, "SWD Read Memory (32 bit) - Success" - ID 340
22:19:21:835 (19/03/2018) - READ  MEM Access, AP 0, Addr 0xE000EDF0, Val 0x00030003, "SWD Read Memory (32 bit) - Success" - ID 341
22:19:22:088 (19/03/2018) - READ  MEM Access, AP 0, Addr 0xE000EDF0, Val 0x00030003, "SWD Read Memory (32 bit) - Success" - ID 342
22:19:22:338 (19/03/2018) - READ  MEM Access, AP 0, Addr 0xE000EDF0, Val 0x00030003, "SWD Read Memory (32 bit) - Success" - ID 343
22:19:22:598 (19/03/2018) - READ  MEM Access, AP 0, Addr 0xE000EDF0, Val 0x00030003, "SWD Read Memory (32 bit) - Success" - ID 344
22:19:22:848 (19/03/2018) - READ  MEM Access, AP 0, Addr 0xE000EDF0, Val 0x00030003, "SWD Read Memory (32 bit) - Success" - ID 345
22:19:23:107 (19/03/2018) - READ  MEM Access, AP 0, Addr 0xE000EDF0, Val 0x00030003, "SWD Read Memory (32 bit) - Success" - ID 346
22:19:23:363 (19/03/2018) - READ  MEM Access, AP 0, Addr 0xE000EDF0, Val 0x00030003, "SWD Read Memory (32 bit) - Success" - ID 347
22:19:23:615 (19/03/2018) - READ  MEM Access, AP 0, Addr 0xE000EDF0, Val 0x00030003, "SWD Read Memory (32 bit) - Success" - ID 348
22:19:23:867 (19/03/2018) - READ  MEM Access, AP 0, Addr 0xE000EDF0, Val 0x00030003, "SWD Read Memory (32 bit) - Success" - ID 349
22:19:24:127 (19/03/2018) - READ  MEM Access, AP 0, Addr 0xE000EDF0, Val 0x00030003, "SWD Read Memory (32 bit) - Success" - ID 350
22:19:24:380 (19/03/2018) - READ  MEM Access, AP 0, Addr 0xE000EDF0, Val 0x00030003, "SWD Read Memory (32 bit) - Success" - ID 351
22:19:24:634 (19/03/2018) - READ  MEM Access, AP 0, Addr 0xE000EDF0, Val 0x00030003, "SWD Read Memory (32 bit) - Success" - ID 352
22:19:24:887 (19/03/2018) - READ  MEM Access, AP 0, Addr 0xE000EDF0, Val 0x00030003, "SWD Read Memory (32 bit) - Success" - ID 353
22:19:25:138 (19/03/2018) - READ  MEM Access, AP 0, Addr 0xE000EDF0, Val 0x00030003, "SWD Read Memory (32 bit) - Success" - ID 354
22:19:25:388 (19/03/2018) - READ  MEM Access, AP 0, Addr 0xE000EDF0, Val 0x00030003, "SWD Read Memory (32 bit) - Success" - ID 355
22:19:25:643 (19/03/2018) - READ  MEM Access, AP 0, Addr 0xE000EDF0, Val 0x00030003, "SWD Read Memory (32 bit) - Success" - ID 356
22:19:25:893 (19/03/2018) - READ  MEM Access, AP 0, Addr 0xE000EDF0, Val 0x00030003, "SWD Read Memory (32 bit) - Success" - ID 357
22:19:26:144 (19/03/2018) - READ  MEM Access, AP 0, Addr 0xE000EDF0, Val 0x00030003, "SWD Read Memory (32 bit) - Success" - ID 358
22:19:26:402 (19/03/2018) - READ  MEM Access, AP 0, Addr 0xE000EDF0, Val 0x00030003, "SWD Read Memory (32 bit) - Success" - ID 359
22:19:26:659 (19/03/2018) - READ  MEM Access, AP 0, Addr 0xE000EDF0, Val 0x00030003, "SWD Read Memory (32 bit) - Success" - ID 360
22:19:26:916 (19/03/2018) - READ  MEM Access, AP 0, Addr 0xE000EDF0, Val 0x00030003, "SWD Read Memory (32 bit) - Success" - ID 361
22:19:27:167 (19/03/2018) - READ  MEM Access, AP 0, Addr 0xE000EDF0, Val 0x00030003, "SWD Read Memory (32 bit) - Success" - ID 362
22:19:27:423 (19/03/2018) - READ  MEM Access, AP 0, Addr 0xE000EDF0, Val 0x00030003, "SWD Read Memory (32 bit) - Success" - ID 363
22:19:27:674 (19/03/2018) - READ  MEM Access, AP 0, Addr 0xE000EDF0, Val 0x00030003, "SWD Read Memory (32 bit) - Success" - ID 364
22:19:27:929 (19/03/2018) - READ  MEM Access, AP 0, Addr 0xE000EDF0, Val 0x00030003, "SWD Read Memory (32 bit) - Success" - ID 365
22:19:28:183 (19/03/2018) - READ  MEM Access, AP 0, Addr 0xE000EDF0, Val 0x00030003, "SWD Read Memory (32 bit) - Success" - ID 366
22:19:28:440 (19/03/2018) - READ  MEM Access, AP 0, Addr 0xE000EDF0, Val 0x00030003, "SWD Read Memory (32 bit) - Success" - ID 367
22:19:28:691 (19/03/2018) - READ  MEM Access, AP 0, Addr 0xE000EDF0, Val 0x00030003, "SWD Read Memory (32 bit) - Success" - ID 368
22:19:28:942 (19/03/2018) - READ  MEM Access, AP 0, Addr 0xE000EDF0, Val 0x00030003, "SWD Read Memory (32 bit) - Success" - ID 369
22:19:29:193 (19/03/2018) - READ  MEM Access, AP 0, Addr 0xE000EDF0, Val 0x00030003, "SWD Read Memory (32 bit) - Success" - ID 370
22:19:29:443 (19/03/2018) - READ  MEM Access, AP 0, Addr 0xE000EDF0, Val 0x00030003, "SWD Read Memory (32 bit) - Success" - ID 371
22:19:29:698 (19/03/2018) - READ  MEM Access, AP 0, Addr 0xE000EDF0, Val 0x00030003, "SWD Read Memory (32 bit) - Success" - ID 372
22:19:29:948 (19/03/2018) - READ  MEM Access, AP 0, Addr 0xE000EDF0, Val 0x00030003, "SWD Read Memory (32 bit) - Success" - ID 373
22:19:30:199 (19/03/2018) - READ  MEM Access, AP 0, Addr 0xE000EDF0, Val 0x00030003, "SWD Read Memory (32 bit) - Success" - ID 374
22:19:30:450 (19/03/2018) - READ  MEM Access, AP 0, Addr 0xE000EDF0, Val 0x00030003, "SWD Read Memory (32 bit) - Success" - ID 375
22:19:30:705 (19/03/2018) - READ  MEM Access, AP 0, Addr 0xE000EDF0, Val 0x00030003, "SWD Read Memory (32 bit) - Success" - ID 376
22:19:30:955 (19/03/2018) - READ  MEM Access, AP 0, Addr 0xE000EDF0, Val 0x00030003, "SWD Read Memory (32 bit) - Success" - ID 377
22:19:31:207 (19/03/2018) - READ  MEM Access, AP 0, Addr 0xE000EDF0, Val 0x00030003, "SWD Read Memory (32 bit) - Success" - ID 378
22:19:31:462 (19/03/2018) - READ  MEM Access, AP 0, Addr 0xE000EDF0, Val 0x00030003, "SWD Read Memory (32 bit) - Success" - ID 379
22:19:31:720 (19/03/2018) - READ  MEM Access, AP 0, Addr 0xE000EDF0, Val 0x00030003, "SWD Read Memory (32 bit) - Success" - ID 380
22:19:31:976 (19/03/2018) - READ  MEM Access, AP 0, Addr 0xE000EDF0, Val 0x00030003, "SWD Read Memory (32 bit) - Success" - ID 381
22:19:32:229 (19/03/2018) - READ  MEM Access, AP 0, Addr 0xE000EDF0, Val 0x00030003, "SWD Read Memory (32 bit) - Success" - ID 382
22:19:32:480 (19/03/2018) - READ  MEM Access, AP 0, Addr 0xE000EDF0, Val 0x00030003, "SWD Read Memory (32 bit) - Success" - ID 383
22:19:32:731 (19/03/2018) - READ  MEM Access, AP 0, Addr 0xE000EDF0, Val 0x00030003, "SWD Read Memory (32 bit) - Success" - ID 384
22:19:32:984 (19/03/2018) - READ  MEM Access, AP 0, Addr 0xE000EDF0, Val 0x00030003, "SWD Read Memory (32 bit) - Success" - ID 385
22:19:33:237 (19/03/2018) - READ  MEM Access, AP 0, Addr 0xE000EDF0, Val 0x00030003, "SWD Read Memory (32 bit) - Success" - ID 386
22:19:33:490 (19/03/2018) - READ  MEM Access, AP 0, Addr 0xE000EDF0, Val 0x00030003, "SWD Read Memory (32 bit) - Success" - ID 387
22:19:33:742 (19/03/2018) - READ  MEM Access, AP 0, Addr 0xE000EDF0, Val 0x00030003, "SWD Read Memory (32 bit) - Success" - ID 388
22:19:33:994 (19/03/2018) - READ  MEM Access, AP 0, Addr 0xE000EDF0, Val 0x00030003, "SWD Read Memory (32 bit) - Success" - ID 389
22:19:34:245 (19/03/2018) - READ  MEM Access, AP 0, Addr 0xE000EDF0, Val 0x00030003, "SWD Read Memory (32 bit) - Success" - ID 390
22:19:34:497 (19/03/2018) - READ  MEM Access, AP 0, Addr 0xE000EDF0, Val 0x00030003, "SWD Read Memory (32 bit) - Success" - ID 391
22:19:34:749 (19/03/2018) - READ  MEM Access, AP 0, Addr 0xE000EDF0, Val 0x00030003, "SWD Read Memory (32 bit) - Success" - ID 392
22:19:35:007 (19/03/2018) - READ  MEM Access, AP 0, Addr 0xE000EDF0, Val 0x00030003, "SWD Read Memory (32 bit) - Success" - ID 393
22:19:35:257 (19/03/2018) - READ  MEM Access, AP 0, Addr 0xE000EDF0, Val 0x00030003, "SWD Read Memory (32 bit) - Success" - ID 394
22:19:35:508 (19/03/2018) - READ  MEM Access, AP 0, Addr 0xE000EDF0, Val 0x00030003, "SWD Read Memory (32 bit) - Success" - ID 395
22:19:35:760 (19/03/2018) - READ  MEM Access, AP 0, Addr 0xE000EDF0, Val 0x00030003, "SWD Read Memory (32 bit) - Success" - ID 396
22:19:36:012 (19/03/2018) - READ  MEM Access, AP 0, Addr 0xE000EDF0, Val 0x00030003, "SWD Read Memory (32 bit) - Success" - ID 397
22:19:36:264 (19/03/2018) - READ  MEM Access, AP 0, Addr 0xE000EDF0, Val 0x00030003, "SWD Read Memory (32 bit) - Success" - ID 398
22:19:36:517 (19/03/2018) - READ  MEM Access, AP 0, Addr 0xE000EDF0, Val 0x00030003, "SWD Read Memory (32 bit) - Success" - ID 399
22:19:36:769 (19/03/2018) - READ  MEM Access, AP 0, Addr 0xE000EDF0, Val 0x00030003, "SWD Read Memory (32 bit) - Success" - ID 400
22:19:37:020 (19/03/2018) - READ  MEM Access, AP 0, Addr 0xE000EDF0, Val 0x00030003, "SWD Read Memory (32 bit) - Success" - ID 401
22:19:37:272 (19/03/2018) - READ  MEM Access, AP 0, Addr 0xE000EDF0, Val 0x00030003, "SWD Read Memory (32 bit) - Success" - ID 402
22:19:37:524 (19/03/2018) - READ  MEM Access, AP 0, Addr 0xE000EDF0, Val 0x00030003, "SWD Read Memory (32 bit) - Success" - ID 403
22:19:37:776 (19/03/2018) - READ  MEM Access, AP 0, Addr 0xE000EDF0, Val 0x00030003, "SWD Read Memory (32 bit) - Success" - ID 404
22:19:38:028 (19/03/2018) - READ  MEM Access, AP 0, Addr 0xE000EDF0, Val 0x00030003, "SWD Read Memory (32 bit) - Success" - ID 405
22:19:38:279 (19/03/2018) - READ  MEM Access, AP 0, Addr 0xE000EDF0, Val 0x00030003, "SWD Read Memory (32 bit) - Success" - ID 406
22:19:38:531 (19/03/2018) - READ  MEM Access, AP 0, Addr 0xE000EDF0, Val 0x00030003, "SWD Read Memory (32 bit) - Success" - ID 407
22:19:38:782 (19/03/2018) - READ  MEM Access, AP 0, Addr 0xE000EDF0, Val 0x00030003, "SWD Read Memory (32 bit) - Success" - ID 408
22:19:39:035 (19/03/2018) - READ  MEM Access, AP 0, Addr 0xE000EDF0, Val 0x00030003, "SWD Read Memory (32 bit) - Success" - ID 409
22:19:39:287 (19/03/2018) - READ  MEM Access, AP 0, Addr 0xE000EDF0, Val 0x00030003, "SWD Read Memory (32 bit) - Success" - ID 410
22:19:39:539 (19/03/2018) - READ  MEM Access, AP 0, Addr 0xE000EDF0, Val 0x00030003, "SWD Read Memory (32 bit) - Success" - ID 411
22:19:39:790 (19/03/2018) - READ  MEM Access, AP 0, Addr 0xE000EDF0, Val 0x00030003, "SWD Read Memory (32 bit) - Success" - ID 412
22:19:40:042 (19/03/2018) - READ  MEM Access, AP 0, Addr 0xE000EDF0, Val 0x00030003, "SWD Read Memory (32 bit) - Success" - ID 413
22:19:40:293 (19/03/2018) - READ  MEM Access, AP 0, Addr 0xE000EDF0, Val 0x00030003, "SWD Read Memory (32 bit) - Success" - ID 414
22:19:40:544 (19/03/2018) - READ  MEM Access, AP 0, Addr 0xE000EDF0, Val 0x00030003, "SWD Read Memory (32 bit) - Success" - ID 415
22:19:40:796 (19/03/2018) - READ  MEM Access, AP 0, Addr 0xE000EDF0, Val 0x00030003, "SWD Read Memory (32 bit) - Success" - ID 416
22:19:41:048 (19/03/2018) - READ  MEM Access, AP 0, Addr 0xE000EDF0, Val 0x00030003, "SWD Read Memory (32 bit) - Success" - ID 417
22:19:41:299 (19/03/2018) - READ  MEM Access, AP 0, Addr 0xE000EDF0, Val 0x00030003, "SWD Read Memory (32 bit) - Success" - ID 418
22:19:41:550 (19/03/2018) - READ  MEM Access, AP 0, Addr 0xE000EDF0, Val 0x00030003, "SWD Read Memory (32 bit) - Success" - ID 419
22:19:41:801 (19/03/2018) - READ  MEM Access, AP 0, Addr 0xE000EDF0, Val 0x00030003, "SWD Read Memory (32 bit) - Success" - ID 420
22:19:42:055 (19/03/2018) - READ  MEM Access, AP 0, Addr 0xE000EDF0, Val 0x00030003, "SWD Read Memory (32 bit) - Success" - ID 421
22:19:42:307 (19/03/2018) - READ  MEM Access, AP 0, Addr 0xE000EDF0, Val 0x00030003, "SWD Read Memory (32 bit) - Success" - ID 422
22:19:42:558 (19/03/2018) - READ  MEM Access, AP 0, Addr 0xE000EDF0, Val 0x00030003, "SWD Read Memory (32 bit) - Success" - ID 423
22:19:42:810 (19/03/2018) - READ  MEM Access, AP 0, Addr 0xE000EDF0, Val 0x00030003, "SWD Read Memory (32 bit) - Success" - ID 424
22:19:43:062 (19/03/2018) - READ  MEM Access, AP 0, Addr 0xE000EDF0, Val 0x00030003, "SWD Read Memory (32 bit) - Success" - ID 425
22:19:43:314 (19/03/2018) - READ  MEM Access, AP 0, Addr 0xE000EDF0, Val 0x00030003, "SWD Read Memory (32 bit) - Success" - ID 426
22:19:43:566 (19/03/2018) - READ  MEM Access, AP 0, Addr 0xE000EDF0, Val 0x00030003, "SWD Read Memory (32 bit) - Success" - ID 427
22:19:43:818 (19/03/2018) - READ  MEM Access, AP 0, Addr 0xE000EDF0, Val 0x00030003, "SWD Read Memory (32 bit) - Success" - ID 428
22:19:44:069 (19/03/2018) - READ  MEM Access, AP 0, Addr 0xE000EDF0, Val 0x00030003, "SWD Read Memory (32 bit) - Success" - ID 429
22:19:44:321 (19/03/2018) - READ  MEM Access, AP 0, Addr 0xE000EDF0, Val 0x00030003, "SWD Read Memory (32 bit) - Success" - ID 430
22:19:44:573 (19/03/2018) - READ  MEM Access, AP 0, Addr 0xE000EDF0, Val 0x00030003, "SWD Read Memory (32 bit) - Success" - ID 431
22:19:44:826 (19/03/2018) - READ  MEM Access, AP 0, Addr 0xE000EDF0, Val 0x00030003, "SWD Read Memory (32 bit) - Success" - ID 432
22:19:45:078 (19/03/2018) - READ  MEM Access, AP 0, Addr 0xE000EDF0, Val 0x00030003, "SWD Read Memory (32 bit) - Success" - ID 433
22:19:45:330 (19/03/2018) - READ  MEM Access, AP 0, Addr 0xE000EDF0, Val 0x00030003, "SWD Read Memory (32 bit) - Success" - ID 434
22:19:45:582 (19/03/2018) - READ  MEM Access, AP 0, Addr 0xE000EDF0, Val 0x00030003, "SWD Read Memory (32 bit) - Success" - ID 435
22:19:45:834 (19/03/2018) - READ  MEM Access, AP 0, Addr 0xE000EDF0, Val 0x00030003, "SWD Read Memory (32 bit) - Success" - ID 436
22:19:46:086 (19/03/2018) - READ  MEM Access, AP 0, Addr 0xE000EDF0, Val 0x00030003, "SWD Read Memory (32 bit) - Success" - ID 437
22:19:46:341 (19/03/2018) - READ  MEM Access, AP 0, Addr 0xE000EDF0, Val 0x00030003, "SWD Read Memory (32 bit) - Success" - ID 438
22:19:46:597 (19/03/2018) - READ  MEM Access, AP 0, Addr 0xE000EDF0, Val 0x00030003, "SWD Read Memory (32 bit) - Success" - ID 439
22:19:46:851 (19/03/2018) - READ  MEM Access, AP 0, Addr 0xE000EDF0, Val 0x00030003, "SWD Read Memory (32 bit) - Success" - ID 440
22:19:47:101 (19/03/2018) - READ  MEM Access, AP 0, Addr 0xE000EDF0, Val 0x00030003, "SWD Read Memory (32 bit) - Success" - ID 441
22:19:47:351 (19/03/2018) - READ  MEM Access, AP 0, Addr 0xE000EDF0, Val 0x00030003, "SWD Read Memory (32 bit) - Success" - ID 442
22:19:47:601 (19/03/2018) - READ  MEM Access, AP 0, Addr 0xE000EDF0, Val 0x00030003, "SWD Read Memory (32 bit) - Success" - ID 443
22:19:47:855 (19/03/2018) - READ  MEM Access, AP 0, Addr 0xE000EDF0, Val 0x00030003, "SWD Read Memory (32 bit) - Success" - ID 444
22:19:48:106 (19/03/2018) - READ  MEM Access, AP 0, Addr 0xE000EDF0, Val 0x00030003, "SWD Read Memory (32 bit) - Success" - ID 445
22:19:48:360 (19/03/2018) - READ  MEM Access, AP 0, Addr 0xE000EDF0, Val 0x00030003, "SWD Read Memory (32 bit) - Success" - ID 446
22:19:48:614 (19/03/2018) - READ  MEM Access, AP 0, Addr 0xE000EDF0, Val 0x00030003, "SWD Read Memory (32 bit) - Success" - ID 447
22:19:48:864 (19/03/2018) - READ  MEM Access, AP 0, Addr 0xE000EDF0, Val 0x00030003, "SWD Read Memory (32 bit) - Success" - ID 448
22:19:49:117 (19/03/2018) - READ  MEM Access, AP 0, Addr 0xE000EDF0, Val 0x00030003, "SWD Read Memory (32 bit) - Success" - ID 449
22:19:49:367 (19/03/2018) - READ  MEM Access, AP 0, Addr 0xE000EDF0, Val 0x00030003, "SWD Read Memory (32 bit) - Success" - ID 450
22:19:49:617 (19/03/2018) - READ  MEM Access, AP 0, Addr 0xE000EDF0, Val 0x00030003, "SWD Read Memory (32 bit) - Success" - ID 451
22:19:49:867 (19/03/2018) - READ  MEM Access, AP 0, Addr 0xE000EDF0, Val 0x00030003, "SWD Read Memory (32 bit) - Success" - ID 452
22:19:50:127 (19/03/2018) - READ  MEM Access, AP 0, Addr 0xE000EDF0, Val 0x00030003, "SWD Read Memory (32 bit) - Success" - ID 453
22:19:50:381 (19/03/2018) - READ  MEM Access, AP 0, Addr 0xE000EDF0, Val 0x00030003, "SWD Read Memory (32 bit) - Success" - ID 454
22:19:50:633 (19/03/2018) - READ  MEM Access, AP 0, Addr 0xE000EDF0, Val 0x00030003, "SWD Read Memory (32 bit) - Success" - ID 455
22:19:50:890 (19/03/2018) - READ  MEM Access, AP 0, Addr 0xE000EDF0, Val 0x00030003, "SWD Read Memory (32 bit) - Success" - ID 456
22:19:51:146 (19/03/2018) - READ  MEM Access, AP 0, Addr 0xE000EDF0, Val 0x00030003, "SWD Read Memory (32 bit) - Success" - ID 457
22:19:51:399 (19/03/2018) - READ  MEM Access, AP 0, Addr 0xE000EDF0, Val 0x00030003, "SWD Read Memory (32 bit) - Success" - ID 458
22:19:51:649 (19/03/2018) - READ  MEM Access, AP 0, Addr 0xE000EDF0, Val 0x00030003, "SWD Read Memory (32 bit) - Success" - ID 459
22:19:51:899 (19/03/2018) - READ  MEM Access, AP 0, Addr 0xE000EDF0, Val 0x00030003, "SWD Read Memory (32 bit) - Success" - ID 460
22:19:52:157 (19/03/2018) - READ  MEM Access, AP 0, Addr 0xE000EDF0, Val 0x00030003, "SWD Read Memory (32 bit) - Success" - ID 461
22:19:52:410 (19/03/2018) - READ  MEM Access, AP 0, Addr 0xE000EDF0, Val 0x00030003, "SWD Read Memory (32 bit) - Success" - ID 462
22:19:52:663 (19/03/2018) - READ  MEM Access, AP 0, Addr 0xE000EDF0, Val 0x00030003, "SWD Read Memory (32 bit) - Success" - ID 463
22:19:52:913 (19/03/2018) - READ  MEM Access, AP 0, Addr 0xE000EDF0, Val 0x00030003, "SWD Read Memory (32 bit) - Success" - ID 464
22:19:53:166 (19/03/2018) - READ  MEM Access, AP 0, Addr 0xE000EDF0, Val 0x00030003, "SWD Read Memory (32 bit) - Success" - ID 465
22:19:53:418 (19/03/2018) - READ  MEM Access, AP 0, Addr 0xE000EDF0, Val 0x00030003, "SWD Read Memory (32 bit) - Success" - ID 466
22:19:53:668 (19/03/2018) - READ  MEM Access, AP 0, Addr 0xE000EDF0, Val 0x00030003, "SWD Read Memory (32 bit) - Success" - ID 467
22:19:53:918 (19/03/2018) - READ  MEM Access, AP 0, Addr 0xE000EDF0, Val 0x00030003, "SWD Read Memory (32 bit) - Success" - ID 468
22:19:54:176 (19/03/2018) - READ  MEM Access, AP 0, Addr 0xE000EDF0, Val 0x00030003, "SWD Read Memory (32 bit) - Success" - ID 469
22:19:54:430 (19/03/2018) - READ  MEM Access, AP 0, Addr 0xE000EDF0, Val 0x00030003, "SWD Read Memory (32 bit) - Success" - ID 470
22:19:54:685 (19/03/2018) - READ  MEM Access, AP 0, Addr 0xE000EDF0, Val 0x00030003, "SWD Read Memory (32 bit) - Success" - ID 471
22:19:54:935 (19/03/2018) - READ  MEM Access, AP 0, Addr 0xE000EDF0, Val 0x00030003, "SWD Read Memory (32 bit) - Success" - ID 472
22:19:55:190 (19/03/2018) - READ  MEM Access, AP 0, Addr 0xE000EDF0, Val 0x00030003, "SWD Read Memory (32 bit) - Success" - ID 473
22:19:55:440 (19/03/2018) - READ  MEM Access, AP 0, Addr 0xE000EDF0, Val 0x00030003, "SWD Read Memory (32 bit) - Success" - ID 474
22:19:55:695 (19/03/2018) - READ  MEM Access, AP 0, Addr 0xE000EDF0, Val 0x00030003, "SWD Read Memory (32 bit) - Success" - ID 475
22:19:55:945 (19/03/2018) - READ  MEM Access, AP 0, Addr 0xE000EDF0, Val 0x00030003, "SWD Read Memory (32 bit) - Success" - ID 476
22:19:56:198 (19/03/2018) - READ  MEM Access, AP 0, Addr 0xE000EDF0, Val 0x00030003, "SWD Read Memory (32 bit) - Success" - ID 477
22:19:56:450 (19/03/2018) - READ  MEM Access, AP 0, Addr 0xE000EDF0, Val 0x00030003, "SWD Read Memory (32 bit) - Success" - ID 478
22:19:56:702 (19/03/2018) - READ  MEM Access, AP 0, Addr 0xE000EDF0, Val 0x00030003, "SWD Read Memory (32 bit) - Success" - ID 479
22:19:56:953 (19/03/2018) - READ  MEM Access, AP 0, Addr 0xE000EDF0, Val 0x00030003, "SWD Read Memory (32 bit) - Success" - ID 480
22:19:57:205 (19/03/2018) - READ  MEM Access, AP 0, Addr 0xE000EDF0, Val 0x00030003, "SWD Read Memory (32 bit) - Success" - ID 481
22:19:57:456 (19/03/2018) - READ  MEM Access, AP 0, Addr 0xE000EDF0, Val 0x00030003, "SWD Read Memory (32 bit) - Success" - ID 482
22:19:57:706 (19/03/2018) - READ  MEM Access, AP 0, Addr 0xE000EDF0, Val 0x00030003, "SWD Read Memory (32 bit) - Success" - ID 483
22:19:57:958 (19/03/2018) - READ  MEM Access, AP 0, Addr 0xE000EDF0, Val 0x00030003, "SWD Read Memory (32 bit) - Success" - ID 484
22:19:58:210 (19/03/2018) - READ  MEM Access, AP 0, Addr 0xE000EDF0, Val 0x00030003, "SWD Read Memory (32 bit) - Success" - ID 485
22:19:58:470 (19/03/2018) - READ  MEM Access, AP 0, Addr 0xE000EDF0, Val 0x00030003, "SWD Read Memory (32 bit) - Success" - ID 486
22:19:58:729 (19/03/2018) - READ  MEM Access, AP 0, Addr 0xE000EDF0, Val 0x00030003, "SWD Read Memory (32 bit) - Success" - ID 487
22:19:58:980 (19/03/2018) - READ  MEM Access, AP 0, Addr 0xE000EDF0, Val 0x00030003, "SWD Read Memory (32 bit) - Success" - ID 488
22:19:59:236 (19/03/2018) - READ  MEM Access, AP 0, Addr 0xE000EDF0, Val 0x00030003, "SWD Read Memory (32 bit) - Success" - ID 489
22:19:59:490 (19/03/2018) - READ  MEM Access, AP 0, Addr 0xE000EDF0, Val 0x00030003, "SWD Read Memory (32 bit) - Success" - ID 490
22:19:59:740 (19/03/2018) - READ  MEM Access, AP 0, Addr 0xE000EDF0, Val 0x00030003, "SWD Read Memory (32 bit) - Success" - ID 491
22:19:59:991 (19/03/2018) - READ  MEM Access, AP 0, Addr 0xE000EDF0, Val 0x00030003, "SWD Read Memory (32 bit) - Success" - ID 492
22:20:00:250 (19/03/2018) - READ  MEM Access, AP 0, Addr 0xE000EDF0, Val 0x00030003, "SWD Read Memory (32 bit) - Success" - ID 493
22:20:00:508 (19/03/2018) - READ  MEM Access, AP 0, Addr 0xE000EDF0, Val 0x00030003, "SWD Read Memory (32 bit) - Success" - ID 494
22:20:00:759 (19/03/2018) - READ  MEM Access, AP 0, Addr 0xE000EDF0, Val 0x00030003, "SWD Read Memory (32 bit) - Success" - ID 495
22:20:01:016 (19/03/2018) - READ  MEM Access, AP 0, Addr 0xE000EDF0, Val 0x00030003, "SWD Read Memory (32 bit) - Success" - ID 496
22:20:01:267 (19/03/2018) - READ  MEM Access, AP 0, Addr 0xE000EDF0, Val 0x00030003, "SWD Read Memory (32 bit) - Success" - ID 497
22:20:01:518 (19/03/2018) - READ  MEM Access, AP 0, Addr 0xE000EDF0, Val 0x00030003, "SWD Read Memory (32 bit) - Success" - ID 498
22:20:01:768 (19/03/2018) - READ  MEM Access, AP 0, Addr 0xE000EDF0, Val 0x00030003, "SWD Read Memory (32 bit) - Success" - ID 499
22:20:02:027 (19/03/2018) - READ  MEM Access, AP 0, Addr 0xE000EDF0, Val 0x00030003, "SWD Read Memory (32 bit) - Success" - ID 500
22:20:02:279 (19/03/2018) - READ  MEM Access, AP 0, Addr 0xE000EDF0, Val 0x00030003, "SWD Read Memory (32 bit) - Success" - ID 501
22:20:02:540 (19/03/2018) - READ  MEM Access, AP 0, Addr 0xE000EDF0, Val 0x00030003, "SWD Read Memory (32 bit) - Success" - ID 502
22:20:02:799 (19/03/2018) - READ  MEM Access, AP 0, Addr 0xE000EDF0, Val 0x00030003, "SWD Read Memory (32 bit) - Success" - ID 503
22:20:03:056 (19/03/2018) - READ  MEM Access, AP 0, Addr 0xE000EDF0, Val 0x00030003, "SWD Read Memory (32 bit) - Success" - ID 504
22:20:03:196 (19/03/2018) - READ  MEM Access, AP 0, Addr 0xE000EDF0, Val 0x00030003, "SWD Read Memory (32 bit) - Success" - ID 505
22:20:03:448 (19/03/2018) - READ  MEM Access, AP 0, Addr 0xE000EDF0, Val 0x00030003, "SWD Read Memory (32 bit) - Success" - ID 506
22:20:03:698 (19/03/2018) - READ  MEM Access, AP 0, Addr 0xE000EDF0, Val 0x00030003, "SWD Read Memory (32 bit) - Success" - ID 507
22:20:03:738 (19/03/2018) - START SEQUENCE "DebugCoreStop", "default" - ID 67
22:20:03:738 (19/03/2018) - WRITE MEM Access, AP 0, Addr 0xE000EDF0, Val 0xA05F0000, "SWD Write Memory (32 bit) - Success" - ID 508
22:20:03:738 (19/03/2018) - WRITE MEM Access, AP 0, Addr 0xE000EDFC, Val 0x00000000, "SWD Write Memory (32 bit) - Success" - ID 509
22:20:03:738 (19/03/2018) - END SEQUENCE "DebugCoreStop", "success" - ID 68
22:20:03:738 (19/03/2018) - START SEQUENCE "StopTarget", "default" - ID 69
22:20:03:738 (19/03/2018) - WRITE MEM BLOCK Access, AP 0, Start Addr 0xE0002000, End Addr 0xE000201F, "SWD Write Memory Block - Success" - ID 510
  Item #0, AP 0, Addr 0xE0002000, Value 0x00000002
  Item #1, AP 0, Addr 0xE0002004, Value 0x00000000
  Item #2, AP 0, Addr 0xE0002008, Value 0x00000000
  Item #3, AP 0, Addr 0xE000200C, Value 0x00000000
  Item #4, AP 0, Addr 0xE0002010, Value 0x00000000
  Item #5, AP 0, Addr 0xE0002014, Value 0x00000000
  Item #6, AP 0, Addr 0xE0002018, Value 0x00000000
  Item #7, AP 0, Addr 0xE000201C, Value 0x00000000
22:20:03:738 (19/03/2018) - START SEQUENCE "_UnInitTrace", "default" - ID 70
22:20:03:738 (19/03/2018) - START SEQUENCE "TraceStop", "calling sequence" - ID 71
22:20:03:748 (19/03/2018) - READ  MEM BLOCK Access, AP 0, Start Addr 0xE0042004, End Addr 0xE0042007, "SWD Read Memory Block (32-bit accesses) - Success" - ID 511
  Item #0, AP 0, Addr 0xE0042004, Value 0x00000027
22:20:03:748 (19/03/2018) - WRITE MEM BLOCK Access, AP 0, Start Addr 0xE0042004, End Addr 0xE0042007, "SWD Write Memory Block (32-bit accesses) - Success" - ID 512
  Item #0, AP 0, Addr 0xE0042004, Value 0x00000007
22:20:03:748 (19/03/2018) - END SEQUENCE "_UnInitTrace", "success" - ID 72
22:20:03:748 (19/03/2018) - START SEQUENCE "DebugPortStop", "default" - ID 73
22:20:03:748 (19/03/2018) - WRITE DP  Access, Addr 0x00000004, Val 0x00000000, "SWD Write DP - Success" - ID 513
22:20:03:748 (19/03/2018) - END SEQUENCE "DebugPortStop", "success" - ID 74
22:20:03:748 (19/03/2018) - START SEQUENCE "UnInitDebugger", "default" - ID 75
22:20:03:758 (19/03/2018) - END SEQUENCE "UnInitDebugger", "success" - ID 76
22:20:03:758 (19/03/2018) - START SEQUENCE "_UnInitDriver", "default" - ID 77
22:20:03:758 (19/03/2018) - END SEQUENCE "_UnInitDriver", "success" - ID 78
22:20:03:758 (19/03/2018) - END SEQUENCE "StopTarget", "success" - ID 79
